#
# There is insufficient memory for the Java Runtime Environment to continue.
# Native memory allocation (malloc) failed to allocate 774976 bytes for Chunk::new
# Possible reasons:
#   The system is out of physical RAM or swap space
#   The process is running with CompressedOops enabled, and the Java Heap may be blocking the growth of the native heap
# Possible solutions:
#   Reduce memory load on the system
#   Increase physical memory or swap space
#   Check if swap backing store is full
#   Decrease Java heap size (-Xmx/-Xms)
#   Decrease number of Java threads
#   Decrease Java thread stack sizes (-Xss)
#   Set larger code cache with -XX:ReservedCodeCacheSize=
#   JVM is running with Unscaled Compressed Oops mode in which the Java heap is
#     placed in the first 4GB address space. The Java Heap base address is the
#     maximum limit for the native heap growth. Please use -XX:HeapBaseMinAddress
#     to set the Java Heap base and to place the Java Heap above 4GB virtual address.
# This output file may be truncated or incomplete.
#
#  Out of Memory Error (allocation.cpp:389), pid=22892, tid=0x0000000000004fe4
#
# JRE version: Java(TM) SE Runtime Environment (8.0_221-b11) (build 1.8.0_221-b11)
# Java VM: Java HotSpot(TM) 64-Bit Server VM (25.221-b11 mixed mode windows-amd64 compressed oops)
# Failed to write core dump. Minidumps are not enabled by default on client versions of Windows
#

---------------  T H R E A D  ---------------

Current thread (0x0000000019b5e000):  JavaThread "C2 CompilerThread2" daemon [_thread_in_native, id=20452, stack(0x000000001a620000,0x000000001a720000)]

Stack: [0x000000001a620000,0x000000001a720000]
[error occurred during error reporting (printing stack bounds), id 0xc0000005]

Native frames: (J=compiled Java code, j=interpreted, Vv=VM code, C=native code)


Current CompileTask:
C2:   2766 1447       4       java.net.URLClassLoader$1::run (5 bytes)


---------------  P R O C E S S  ---------------

Java Threads: ( => current thread )
  0x0000000019b6a800 JavaThread "File lock request listener" [_thread_in_native, id=752, stack(0x000000001ea40000,0x000000001eb40000)]
  0x0000000019b67000 JavaThread "Cache worker for journal cache (C:\Users\MANAV\.gradle\caches\journal-1)" [_thread_blocked, id=14492, stack(0x000000001e940000,0x000000001ea40000)]
  0x000000001aa87000 JavaThread "Thread-9" [_thread_blocked, id=13484, stack(0x000000001e640000,0x000000001e740000)]
  0x000000001c4e7000 JavaThread "Stdin handler" [_thread_blocked, id=11844, stack(0x000000001e540000,0x000000001e640000)]
  0x000000001c4e6000 JavaThread "Asynchronous log dispatcher for DefaultDaemonConnection: socket connection from /127.0.0.1:57475 to /127.0.0.1:57476" [_thread_blocked, id=8576, stack(0x000000001e440000,0x000000001e540000)]
  0x000000001c4ea000 JavaThread "Daemon worker" [_thread_in_native, id=24860, stack(0x000000001e340000,0x000000001e440000)]
  0x000000001c4e9800 JavaThread "Cancel handler" [_thread_blocked, id=22660, stack(0x000000001e140000,0x000000001e240000)]
  0x000000001c4cc800 JavaThread "Handler for socket connection from /127.0.0.1:57475 to /127.0.0.1:57476" [_thread_in_native, id=17524, stack(0x000000001de40000,0x000000001df40000)]
  0x000000001c4c7000 JavaThread "Daemon" [_thread_blocked, id=7972, stack(0x000000001dd40000,0x000000001de40000)]
  0x000000001c4c3000 JavaThread "Daemon periodic checks" [_thread_blocked, id=8388, stack(0x000000001dc40000,0x000000001dd40000)]
  0x000000001c466000 JavaThread "Incoming local TCP Connector on port 57475" [_thread_in_native, id=8764, stack(0x000000001da00000,0x000000001db00000)]
  0x000000001c05f800 JavaThread "Daemon health stats" [_thread_blocked, id=23924, stack(0x000000001d1c0000,0x000000001d2c0000)]
  0x0000000019bf3000 JavaThread "Service Thread" daemon [_thread_blocked, id=17584, stack(0x000000001a820000,0x000000001a920000)]
  0x0000000019b67800 JavaThread "C1 CompilerThread3" daemon [_thread_blocked, id=12904, stack(0x000000001a720000,0x000000001a820000)]
=>0x0000000019b5e000 JavaThread "C2 CompilerThread2" daemon [_thread_in_native, id=20452, stack(0x000000001a620000,0x000000001a720000)]
  0x0000000019b50000 JavaThread "C2 CompilerThread1" daemon [_thread_blocked, id=10600, stack(0x000000001a520000,0x000000001a620000)]
  0x0000000019b4c000 JavaThread "C2 CompilerThread0" daemon [_thread_blocked, id=22540, stack(0x000000001a420000,0x000000001a520000)]
  0x0000000019b4a000 JavaThread "Attach Listener" daemon [_thread_blocked, id=23304, stack(0x000000001a320000,0x000000001a420000)]
  0x0000000019b47000 JavaThread "Signal Dispatcher" daemon [_thread_blocked, id=22644, stack(0x000000001a220000,0x000000001a320000)]
  0x0000000002cc9000 JavaThread "Finalizer" daemon [_thread_blocked, id=23772, stack(0x000000001a020000,0x000000001a120000)]
  0x0000000017d3d800 JavaThread "Reference Handler" daemon [_thread_blocked, id=15496, stack(0x0000000019f20000,0x000000001a020000)]
  0x0000000002bbe800 JavaThread "main" [_thread_blocked, id=12736, stack(0x0000000002a70000,0x0000000002b70000)]

Other Threads:
  0x0000000017d39000 VMThread [stack: 0x0000000019a20000,0x0000000019b20000] [id=11672]
  0x0000000019c1d000 WatcherThread [stack: 0x000000001a920000,0x000000001aa20000] [id=20560]

VM state:not at safepoint (normal execution)

VM Mutex/Monitor currently owned by a thread: None

heap address: 0x0000000080000000, size: 2048 MB, Compressed Oops mode: 32-bit
Narrow klass base: 0x0000000000000000, Narrow klass shift: 3
Compressed class space size: 1073741824 Address: 0x0000000100000000

Heap:
 PSYoungGen      total 37888K, used 36830K [0x00000000d5580000, 0x00000000d7f80000, 0x0000000100000000)
  eden space 32768K, 96% used [0x00000000d5580000,0x00000000d747b928,0x00000000d7580000)
  from space 5120K, 99% used [0x00000000d7580000,0x00000000d7a7c030,0x00000000d7a80000)
  to   space 5120K, 0% used [0x00000000d7a80000,0x00000000d7a80000,0x00000000d7f80000)
 ParOldGen       total 86016K, used 1326K [0x0000000080000000, 0x0000000085400000, 0x00000000d5580000)
  object space 86016K, 1% used [0x0000000080000000,0x000000008014ba30,0x0000000085400000)
 Metaspace       used 15264K, capacity 15804K, committed 16128K, reserved 1062912K
  class space    used 2073K, capacity 2228K, committed 2304K, reserved 1048576K

Card table byte_map: [0x0000000012090000,0x00000000124a0000] byte_map_base: 0x0000000011c90000

Marking Bits: (ParMarkBitMap*) 0x0000000071be5ce0
 Begin Bits: [0x0000000012f50000, 0x0000000014f50000)
 End Bits:   [0x0000000014f50000, 0x0000000016f50000)

Polling page: 0x0000000000d90000

CodeCache: size=245760Kb used=5147Kb max_used=5147Kb free=240613Kb
 bounds [0x0000000002cd0000, 0x00000000031e0000, 0x0000000011cd0000]
 total_blobs=1839 nmethods=1450 adapters=301
 compilation: enabled

Compilation events (10 events):
Event: 2.718 Thread 0x0000000019b67800 nmethod 1445 0x00000000031d0ed0 code [0x00000000031d1020, 0x00000000031d1110]
Event: 2.718 Thread 0x0000000019b50000 1446       4       java.util.jar.JarFile::maybeInstantiateVerifier (96 bytes)
Event: 2.720 Thread 0x0000000019b5e000 1447       4       java.net.URLClassLoader$1::run (5 bytes)
Event: 2.723 Thread 0x0000000019b4c000 nmethod 1430 0x00000000031d45d0 code [0x00000000031d4760, 0x00000000031d4f38]
Event: 2.726 Thread 0x0000000019b50000 nmethod 1446 0x00000000031d5890 code [0x00000000031d5a20, 0x00000000031d5e78]
Event: 2.727 Thread 0x0000000019b67800 1448       3       java.util.concurrent.locks.AbstractOwnableSynchronizer::setExclusiveOwnerThread (6 bytes)
Event: 2.727 Thread 0x0000000019b67800 nmethod 1448 0x00000000031d4290 code [0x00000000031d43e0, 0x00000000031d4550]
Event: 2.763 Thread 0x0000000019b67800 1450       3       org.gradle.util.GradleVersion::compareTo (244 bytes)
Event: 2.764 Thread 0x0000000019b67800 nmethod 1450 0x00000000031d1a10 code [0x00000000031d1ca0, 0x00000000031d3138]
Event: 2.764 Thread 0x0000000019b67800 1452       3       org.gradle.internal.file.FilePathUtil::sizeOfCommonPrefix (142 bytes)

GC Heap History (6 events):
Event: 0.922 GC heap before
{Heap before GC invocations=1 (full 0):
 PSYoungGen      total 37888K, used 32768K [0x00000000d5580000, 0x00000000d7f80000, 0x0000000100000000)
  eden space 32768K, 100% used [0x00000000d5580000,0x00000000d7580000,0x00000000d7580000)
  from space 5120K, 0% used [0x00000000d7a80000,0x00000000d7a80000,0x00000000d7f80000)
  to   space 5120K, 0% used [0x00000000d7580000,0x00000000d7580000,0x00000000d7a80000)
 ParOldGen       total 86016K, used 0K [0x0000000080000000, 0x0000000085400000, 0x00000000d5580000)
  object space 86016K, 0% used [0x0000000080000000,0x0000000080000000,0x0000000085400000)
 Metaspace       used 7486K, capacity 7710K, committed 8064K, reserved 1056768K
  class space    used 953K, capacity 1037K, committed 1152K, reserved 1048576K
Event: 0.929 GC heap after
Heap after GC invocations=1 (full 0):
 PSYoungGen      total 37888K, used 4593K [0x00000000d5580000, 0x00000000d7f80000, 0x0000000100000000)
  eden space 32768K, 0% used [0x00000000d5580000,0x00000000d5580000,0x00000000d7580000)
  from space 5120K, 89% used [0x00000000d7580000,0x00000000d79fc6d0,0x00000000d7a80000)
  to   space 5120K, 0% used [0x00000000d7a80000,0x00000000d7a80000,0x00000000d7f80000)
 ParOldGen       total 86016K, used 16K [0x0000000080000000, 0x0000000085400000, 0x00000000d5580000)
  object space 86016K, 0% used [0x0000000080000000,0x0000000080004000,0x0000000085400000)
 Metaspace       used 7486K, capacity 7710K, committed 8064K, reserved 1056768K
  class space    used 953K, capacity 1037K, committed 1152K, reserved 1048576K
}
Event: 1.258 GC heap before
{Heap before GC invocations=2 (full 0):
 PSYoungGen      total 37888K, used 37361K [0x00000000d5580000, 0x00000000d7f80000, 0x0000000100000000)
  eden space 32768K, 100% used [0x00000000d5580000,0x00000000d7580000,0x00000000d7580000)
  from space 5120K, 89% used [0x00000000d7580000,0x00000000d79fc6d0,0x00000000d7a80000)
  to   space 5120K, 0% used [0x00000000d7a80000,0x00000000d7a80000,0x00000000d7f80000)
 ParOldGen       total 86016K, used 16K [0x0000000080000000, 0x0000000085400000, 0x00000000d5580000)
  object space 86016K, 0% used [0x0000000080000000,0x0000000080004000,0x0000000085400000)
 Metaspace       used 7740K, capacity 8022K, committed 8320K, reserved 1056768K
  class space    used 986K, capacity 1077K, committed 1152K, reserved 1048576K
Event: 1.264 GC heap after
Heap after GC invocations=2 (full 0):
 PSYoungGen      total 37888K, used 3489K [0x00000000d5580000, 0x00000000d7f80000, 0x0000000100000000)
  eden space 32768K, 0% used [0x00000000d5580000,0x00000000d5580000,0x00000000d7580000)
  from space 5120K, 68% used [0x00000000d7a80000,0x00000000d7de85e8,0x00000000d7f80000)
  to   space 5120K, 0% used [0x00000000d7580000,0x00000000d7580000,0x00000000d7a80000)
 ParOldGen       total 86016K, used 24K [0x0000000080000000, 0x0000000085400000, 0x00000000d5580000)
  object space 86016K, 0% used [0x0000000080000000,0x0000000080006000,0x0000000085400000)
 Metaspace       used 7740K, capacity 8022K, committed 8320K, reserved 1056768K
  class space    used 986K, capacity 1077K, committed 1152K, reserved 1048576K
}
Event: 2.460 GC heap before
{Heap before GC invocations=3 (full 0):
 PSYoungGen      total 37888K, used 36257K [0x00000000d5580000, 0x00000000d7f80000, 0x0000000100000000)
  eden space 32768K, 100% used [0x00000000d5580000,0x00000000d7580000,0x00000000d7580000)
  from space 5120K, 68% used [0x00000000d7a80000,0x00000000d7de85e8,0x00000000d7f80000)
  to   space 5120K, 0% used [0x00000000d7580000,0x00000000d7580000,0x00000000d7a80000)
 ParOldGen       total 86016K, used 24K [0x0000000080000000, 0x0000000085400000, 0x00000000d5580000)
  object space 86016K, 0% used [0x0000000080000000,0x0000000080006000,0x0000000085400000)
 Metaspace       used 12286K, capacity 12642K, committed 12928K, reserved 1060864K
  class space    used 1692K, capacity 1801K, committed 1920K, reserved 1048576K
Event: 2.466 GC heap after
Heap after GC invocations=3 (full 0):
 PSYoungGen      total 37888K, used 5104K [0x00000000d5580000, 0x00000000d7f80000, 0x0000000100000000)
  eden space 32768K, 0% used [0x00000000d5580000,0x00000000d5580000,0x00000000d7580000)
  from space 5120K, 99% used [0x00000000d7580000,0x00000000d7a7c030,0x00000000d7a80000)
  to   space 5120K, 0% used [0x00000000d7a80000,0x00000000d7a80000,0x00000000d7f80000)
 ParOldGen       total 86016K, used 1326K [0x0000000080000000, 0x0000000085400000, 0x00000000d5580000)
  object space 86016K, 1% used [0x0000000080000000,0x000000008014ba30,0x0000000085400000)
 Metaspace       used 12286K, capacity 12642K, committed 12928K, reserved 1060864K
  class space    used 1692K, capacity 1801K, committed 1920K, reserved 1048576K
}

Deoptimization events (10 events):
Event: 2.411 Thread 0x000000001c4cc800 Uncommon trap: reason=unstable_if action=reinterpret pc=0x0000000002fe825c method=java.lang.String.substring(I)Ljava/lang/String; @ 35
Event: 2.451 Thread 0x000000001c4ea000 Uncommon trap: reason=bimorphic action=maybe_recompile pc=0x0000000002f4c2fc method=java.util.HashMap.putVal(ILjava/lang/Object;Ljava/lang/Object;ZZ)Ljava/lang/Object; @ 253
Event: 2.451 Thread 0x000000001c4ea000 Uncommon trap: reason=bimorphic action=maybe_recompile pc=0x0000000002f4c2fc method=java.util.HashMap.putVal(ILjava/lang/Object;Ljava/lang/Object;ZZ)Ljava/lang/Object; @ 253
Event: 2.451 Thread 0x000000001c4ea000 Uncommon trap: reason=bimorphic action=maybe_recompile pc=0x0000000002f4c2fc method=java.util.HashMap.putVal(ILjava/lang/Object;Ljava/lang/Object;ZZ)Ljava/lang/Object; @ 253
Event: 2.451 Thread 0x000000001c4ea000 Uncommon trap: reason=bimorphic action=maybe_recompile pc=0x0000000002f4c2fc method=java.util.HashMap.putVal(ILjava/lang/Object;Ljava/lang/Object;ZZ)Ljava/lang/Object; @ 253
Event: 2.451 Thread 0x000000001c4ea000 Uncommon trap: reason=bimorphic action=maybe_recompile pc=0x0000000002f52060 method=java.util.HashMap.putVal(ILjava/lang/Object;Ljava/lang/Object;ZZ)Ljava/lang/Object; @ 253
Event: 2.677 Thread 0x000000001c4ea000 Uncommon trap: reason=class_check action=maybe_recompile pc=0x0000000002ffef98 method=java.util.regex.Matcher.match(II)Z @ 86
Event: 2.691 Thread 0x000000001c4ea000 Uncommon trap: reason=class_check action=maybe_recompile pc=0x0000000002ffef98 method=java.util.regex.Matcher.match(II)Z @ 86
Event: 2.691 Thread 0x000000001c4ea000 Uncommon trap: reason=class_check action=maybe_recompile pc=0x0000000002ffef98 method=java.util.regex.Matcher.match(II)Z @ 86
Event: 2.692 Thread 0x000000001c4ea000 Uncommon trap: reason=class_check action=maybe_recompile pc=0x0000000002e7c94c method=java.util.regex.Matcher.match(II)Z @ 86

Classes redefined (0 events):
No events

Internal exceptions (10 events):
Event: 2.395 Thread 0x000000001c4cc800 Exception <a 'java/lang/NoSuchMethodError': <clinit>> (0x00000000d71f5d60) thrown at [C:\re\workspace\8-2-build-windows-amd64-cygwin\jdk8u221\13320\hotspot\src\share\vm\prims\jni.cpp, line 1614]
Event: 2.398 Thread 0x000000001c4cc800 Exception <a 'java/lang/NoSuchMethodError': <clinit>> (0x00000000d7208fa8) thrown at [C:\re\workspace\8-2-build-windows-amd64-cygwin\jdk8u221\13320\hotspot\src\share\vm\prims\jni.cpp, line 1614]
Event: 2.401 Thread 0x000000001c4cc800 Exception <a 'java/lang/NoSuchMethodError': <clinit>> (0x00000000d72308c0) thrown at [C:\re\workspace\8-2-build-windows-amd64-cygwin\jdk8u221\13320\hotspot\src\share\vm\prims\jni.cpp, line 1614]
Event: 2.403 Thread 0x000000001c4cc800 Exception <a 'java/lang/NoSuchMethodError': <clinit>> (0x00000000d72489b0) thrown at [C:\re\workspace\8-2-build-windows-amd64-cygwin\jdk8u221\13320\hotspot\src\share\vm\prims\jni.cpp, line 1614]
Event: 2.404 Thread 0x000000001c4cc800 Exception <a 'java/lang/NoSuchMethodError': <clinit>> (0x00000000d7251640) thrown at [C:\re\workspace\8-2-build-windows-amd64-cygwin\jdk8u221\13320\hotspot\src\share\vm\prims\jni.cpp, line 1614]
Event: 2.407 Thread 0x000000001c4cc800 Exception <a 'java/lang/NoSuchMethodError': <clinit>> (0x00000000d7267d30) thrown at [C:\re\workspace\8-2-build-windows-amd64-cygwin\jdk8u221\13320\hotspot\src\share\vm\prims\jni.cpp, line 1614]
Event: 2.418 Thread 0x000000001c4cc800 Exception <a 'java/lang/NoSuchMethodError': <clinit>> (0x00000000d72e79f0) thrown at [C:\re\workspace\8-2-build-windows-amd64-cygwin\jdk8u221\13320\hotspot\src\share\vm\prims\jni.cpp, line 1614]
Event: 2.423 Thread 0x000000001c4cc800 Exception <a 'java/lang/NoSuchMethodError': <clinit>> (0x00000000d7318370) thrown at [C:\re\workspace\8-2-build-windows-amd64-cygwin\jdk8u221\13320\hotspot\src\share\vm\prims\jni.cpp, line 1614]
Event: 2.428 Thread 0x000000001c4cc800 Exception <a 'java/lang/NoSuchMethodError': <clinit>> (0x00000000d7348020) thrown at [C:\re\workspace\8-2-build-windows-amd64-cygwin\jdk8u221\13320\hotspot\src\share\vm\prims\jni.cpp, line 1614]
Event: 2.429 Thread 0x000000001c4cc800 Exception <a 'java/lang/NoSuchMethodError': <clinit>> (0x00000000d73549a0) thrown at [C:\re\workspace\8-2-build-windows-amd64-cygwin\jdk8u221\13320\hotspot\src\share\vm\prims\jni.cpp, line 1614]

Events (10 events):
Event: 2.750 loading class kotlin/collections/ArraysKt___ArraysKt
Event: 2.750 loading class kotlin/collections/ArraysKt___ArraysKt done
Event: 2.758 loading class kotlin/collections/ArraysKt___ArraysJvmKt
Event: 2.758 loading class kotlin/collections/ArraysKt___ArraysJvmKt done
Event: 2.760 loading class kotlin/collections/ArraysKt__ArraysKt
Event: 2.760 loading class kotlin/collections/ArraysKt__ArraysKt done
Event: 2.760 loading class kotlin/collections/ArraysKt__ArraysJVMKt
Event: 2.760 loading class kotlin/collections/ArraysKt__ArraysJVMKt done
Event: 2.762 loading class kotlin/collections/ArraysUtilJVM
Event: 2.762 loading class kotlin/collections/ArraysUtilJVM done


Dynamic libraries:
0x00007ff641b70000 - 0x00007ff641ba7000 	C:\Program Files\Java\jdk1.8.0_221\bin\java.exe
0x00007fffba450000 - 0x00007fffba645000 	C:\WINDOWS\SYSTEM32\ntdll.dll
0x00007fffb8690000 - 0x00007fffb874d000 	C:\WINDOWS\System32\KERNEL32.DLL
0x00007fffb7f80000 - 0x00007fffb8248000 	C:\WINDOWS\System32\KERNELBASE.dll
0x00007fffb8f20000 - 0x00007fffb8fcc000 	C:\WINDOWS\System32\ADVAPI32.dll
0x00007fffba370000 - 0x00007fffba40e000 	C:\WINDOWS\System32\msvcrt.dll
0x00007fffb85f0000 - 0x00007fffb868b000 	C:\WINDOWS\System32\sechost.dll
0x00007fffb8830000 - 0x00007fffb895b000 	C:\WINDOWS\System32\RPCRT4.dll
0x00007fffb99f0000 - 0x00007fffb9b90000 	C:\WINDOWS\System32\USER32.dll
0x00007fffb8250000 - 0x00007fffb8272000 	C:\WINDOWS\System32\win32u.dll
0x00007fffb9b90000 - 0x00007fffb9bba000 	C:\WINDOWS\System32\GDI32.dll
0x00007fffb83b0000 - 0x00007fffb84bb000 	C:\WINDOWS\System32\gdi32full.dll
0x00007fffb7b90000 - 0x00007fffb7c2d000 	C:\WINDOWS\System32\msvcp_win.dll
0x00007fffb7c30000 - 0x00007fffb7d30000 	C:\WINDOWS\System32\ucrtbase.dll
0x00007fffa2a50000 - 0x00007fffa2cea000 	C:\WINDOWS\WinSxS\amd64_microsoft.windows.common-controls_6595b64144ccf1df_6.0.19041.1052_none_60b8f8fd71f5e8cb\COMCTL32.dll
0x00007fffb85b0000 - 0x00007fffb85e0000 	C:\WINDOWS\System32\IMM32.DLL
0x0000000072ef0000 - 0x0000000072fc2000 	C:\Program Files\Java\jdk1.8.0_221\jre\bin\msvcr100.dll
0x00000000713c0000 - 0x0000000071c65000 	C:\Program Files\Java\jdk1.8.0_221\jre\bin\server\jvm.dll
0x00007fffb8960000 - 0x00007fffb8968000 	C:\WINDOWS\System32\PSAPI.DLL
0x00007fffb2010000 - 0x00007fffb2019000 	C:\WINDOWS\SYSTEM32\WSOCK32.dll
0x00007fffa5660000 - 0x00007fffa5687000 	C:\WINDOWS\SYSTEM32\WINMM.dll
0x00007fffb1620000 - 0x00007fffb162a000 	C:\WINDOWS\SYSTEM32\VERSION.dll
0x00007fffba1c0000 - 0x00007fffba22b000 	C:\WINDOWS\System32\WS2_32.dll
0x00007fffb2f10000 - 0x00007fffb2f1f000 	C:\Program Files\Java\jdk1.8.0_221\jre\bin\verify.dll
0x00007fffab210000 - 0x00007fffab239000 	C:\Program Files\Java\jdk1.8.0_221\jre\bin\java.dll
0x00007fffa94e0000 - 0x00007fffa94f6000 	C:\Program Files\Java\jdk1.8.0_221\jre\bin\zip.dll
0x00007fffb92b0000 - 0x00007fffb99ef000 	C:\WINDOWS\System32\SHELL32.dll
0x00007fffb5ce0000 - 0x00007fffb6470000 	C:\WINDOWS\SYSTEM32\windows.storage.dll
0x00007fffb8a40000 - 0x00007fffb8d95000 	C:\WINDOWS\System32\combase.dll
0x00007fffb7600000 - 0x00007fffb762c000 	C:\WINDOWS\SYSTEM32\Wldp.dll
0x00007fffb9bc0000 - 0x00007fffb9c6e000 	C:\WINDOWS\System32\SHCORE.dll
0x00007fffb8970000 - 0x00007fffb89c5000 	C:\WINDOWS\System32\shlwapi.dll
0x00007fffb7ad0000 - 0x00007fffb7aef000 	C:\WINDOWS\SYSTEM32\profapi.dll
0x00007fffa9450000 - 0x00007fffa946a000 	C:\Program Files\Java\jdk1.8.0_221\jre\bin\net.dll
0x00007fffa2f60000 - 0x00007fffa314c000 	C:\WINDOWS\SYSTEM32\urlmon.dll
0x00007fffa51a0000 - 0x00007fffa5450000 	C:\WINDOWS\SYSTEM32\iertutil.dll
0x00007fffb7300000 - 0x00007fffb736a000 	C:\WINDOWS\system32\mswsock.dll
0x00007fffa8db0000 - 0x00007fffa8dc2000 	C:\Program Files\Java\jdk1.8.0_221\jre\bin\nio.dll
0x00007fffb04a0000 - 0x00007fffb04c7000 	C:\Users\MANAV\.gradle\native\f6784746aeab05261644944871eae4fe03e0ef1612fff0a4a95f87b438bc6780\windows-amd64\native-platform.dll
0x00007fffb0c30000 - 0x00007fffb0c3d000 	C:\Program Files\Java\jdk1.8.0_221\jre\bin\management.dll
0x00007fffb74f0000 - 0x00007fffb7508000 	C:\WINDOWS\SYSTEM32\CRYPTSP.dll
0x00007fffb6c40000 - 0x00007fffb6c74000 	C:\WINDOWS\system32\rsaenh.dll
0x00007fffb8280000 - 0x00007fffb82a7000 	C:\WINDOWS\System32\bcrypt.dll
0x00007fffb7a50000 - 0x00007fffb7a7e000 	C:\WINDOWS\SYSTEM32\USERENV.dll
0x00007fffb7ef0000 - 0x00007fffb7f73000 	C:\WINDOWS\System32\bcryptprimitives.dll
0x00007fffb7510000 - 0x00007fffb751c000 	C:\WINDOWS\SYSTEM32\CRYPTBASE.dll
0x00007fffb6ff0000 - 0x00007fffb702b000 	C:\WINDOWS\SYSTEM32\IPHLPAPI.DLL
0x00007fffb85e0000 - 0x00007fffb85e8000 	C:\WINDOWS\System32\NSI.dll
0x00007fffafb70000 - 0x00007fffafb87000 	C:\WINDOWS\SYSTEM32\dhcpcsvc6.DLL
0x00007fffb07a0000 - 0x00007fffb07bd000 	C:\WINDOWS\SYSTEM32\dhcpcsvc.DLL
0x00007fffb7030000 - 0x00007fffb70fc000 	C:\WINDOWS\SYSTEM32\DNSAPI.dll
0x00007fffb0b40000 - 0x00007fffb0b4b000 	C:\WINDOWS\SYSTEM32\WINNSI.DLL

VM Arguments:
jvm_args: -Xmx2048m -Dfile.encoding=windows-1252 -Duser.country=IN -Duser.language=en -Duser.variant 
java_command: org.gradle.launcher.daemon.bootstrap.GradleDaemon 6.5
java_class_path (initial): C:\Users\MANAV\.gradle\wrapper\dists\gradle-6.5-bin\6nifqtx7604sqp1q6g8wikw7p\gradle-6.5\lib\gradle-launcher-6.5.jar
Launcher Type: SUN_STANDARD

Environment Variables:
PATH=C:\Program Files (x86)\NVIDIA Corporation\PhysX\Common;C:\Program Files (x86)\Intel\Intel(R) Management Engine Components\iCLS\;C:\Program Files\Intel\Intel(R) Management Engine Components\iCLS\;C:\Windows\system32;C:\Windows;C:\Windows\System32\Wbem;C:\Windows\System32\WindowsPowerShell\v1.0\;C:\Windows\System32\OpenSSH\;C:\Program Files (x86)\Intel\Intel(R) Management Engine Components\DAL;C:\Program Files\Intel\Intel(R) Management Engine Components\DAL;C:\Program Files (x86)\Intel\Intel(R) Management Engine Components\IPT;C:\Program Files\Intel\Intel(R) Management Engine Components\IPT;D:\gitrec\Git\cmd;D:\gitrec\Git\mingw64\bin;D:\gitrec\Git\usr\bin;C:\Program Files\Java\jdk-12.0.1\bin;C:\Program Files\Java\jre1.8.0_211\bin;D:\android studio\installed\jre\bin;C:\WINDOWS\system32;C:\WINDOWS;C:\WINDOWS\System32\Wbem;C:\WINDOWS\System32\WindowsPowerShell\v1.0\;C:\WINDOWS\System32\OpenSSH\;C:\Program Files\MongoDB\Server\4.2\bin;D:\node.js\;C:\GnuWin32\bin;D:\python shit\Scripts\;D:\python shit\;C:\Users\MANAV\AppData\Local\Microsoft\WindowsApps;C:\Users\MANAV\AppData\Local\Programs\Microsoft VS Code\bin;D:\gcc_lib\bin;C:\Users\MANAV\AppData\Local\atom\bin;C:\Users\MANAV\AppData\Roaming\npm;%USERPROFILE%\AppData\Local\Microsoft\WindowsApps;
USERNAME=MANAV
OS=Windows_NT
PROCESSOR_IDENTIFIER=Intel64 Family 6 Model 158 Stepping 10, GenuineIntel



---------------  S Y S T E M  ---------------

OS: Windows 10.0 , 64 bit Build 19041 (10.0.19041.1023)

CPU:total 8 (initial active 8) (4 cores per cpu, 2 threads per core) family 6 model 158 stepping 10, cmov, cx8, fxsr, mmx, sse, sse2, sse3, ssse3, sse4.1, sse4.2, popcnt, avx, avx2, aes, clmul, erms, 3dnowpref, lzcnt, ht, tsc, tscinvbit, bmi1, bmi2, adx

Memory: 4k page, physical 8227124k(1285244k free), swap 23709360k(5248k free)

vm_info: Java HotSpot(TM) 64-Bit Server VM (25.221-b11) for windows-amd64 JRE (1.8.0_221-b11), built on Jul  4 2019 04:39:29 by "java_re" with MS VC++ 10.0 (VS2010)

time: Wed Jul 07 18:05:52 2021
timezone: India Standard Time
elapsed time: 2 seconds (0d 0h 0m 2s)

