#
# There is insufficient memory for the Java Runtime Environment to continue.
# Native memory allocation (malloc) failed to allocate 1835536 bytes for Chunk::new
# Possible reasons:
#   The system is out of physical RAM or swap space
#   The process is running with CompressedOops enabled, and the Java Heap may be blocking the growth of the native heap
# Possible solutions:
#   Reduce memory load on the system
#   Increase physical memory or swap space
#   Check if swap backing store is full
#   Decrease Java heap size (-Xmx/-Xms)
#   Decrease number of Java threads
#   Decrease Java thread stack sizes (-Xss)
#   Set larger code cache with -XX:ReservedCodeCacheSize=
#   JVM is running with Unscaled Compressed Oops mode in which the Java heap is
#     placed in the first 4GB address space. The Java Heap base address is the
#     maximum limit for the native heap growth. Please use -XX:HeapBaseMinAddress
#     to set the Java Heap base and to place the Java Heap above 4GB virtual address.
# This output file may be truncated or incomplete.
#
#  Out of Memory Error (allocation.cpp:389), pid=3852, tid=0x0000000000004ac8
#
# JRE version: Java(TM) SE Runtime Environment (8.0_221-b11) (build 1.8.0_221-b11)
# Java VM: Java HotSpot(TM) 64-Bit Server VM (25.221-b11 mixed mode windows-amd64 compressed oops)
# Failed to write core dump. Minidumps are not enabled by default on client versions of Windows
#

---------------  T H R E A D  ---------------

Current thread (0x0000000019821000):  JavaThread "C2 CompilerThread1" daemon [_thread_in_native, id=19144, stack(0x000000001a200000,0x000000001a300000)]

Stack: [0x000000001a200000,0x000000001a300000]
[error occurred during error reporting (printing stack bounds), id 0xc0000005]

Native frames: (J=compiled Java code, j=interpreted, Vv=VM code, C=native code)


Current CompileTask:
C2:  18487 5717   !   4       com.sun.beans.TypeResolver::resolve (274 bytes)


---------------  P R O C E S S  ---------------

Java Threads: ( => current thread )
  0x000000001f7db000 JavaThread "pool-1-thread-1" [_thread_blocked, id=10952, stack(0x000000002b0f0000,0x000000002b1f0000)]
  0x0000000021d3a000 JavaThread "jar transforms Thread 94" [_thread_blocked, id=22752, stack(0x000000002adf0000,0x000000002aef0000)]
  0x0000000021d39000 JavaThread "jar transforms Thread 93" [_thread_blocked, id=15364, stack(0x000000002acf0000,0x000000002adf0000)]
  0x0000000021d38800 JavaThread "jar transforms Thread 92" [_thread_blocked, id=23696, stack(0x000000002abf0000,0x000000002acf0000)]
  0x0000000021d37800 JavaThread "jar transforms Thread 91" [_thread_blocked, id=19720, stack(0x000000002aaf0000,0x000000002abf0000)]
  0x0000000021d37000 JavaThread "jar transforms Thread 90" [_thread_blocked, id=10060, stack(0x000000002a9f0000,0x000000002aaf0000)]
  0x0000000021d3b800 JavaThread "jar transforms Thread 89" [_thread_blocked, id=24168, stack(0x000000002a8f0000,0x000000002a9f0000)]
  0x0000000021d3a800 JavaThread "jar transforms Thread 88" [_thread_blocked, id=25036, stack(0x000000002a7f0000,0x000000002a8f0000)]
  0x0000000021d36000 JavaThread "jar transforms Thread 87" [_thread_blocked, id=5608, stack(0x000000002a6f0000,0x000000002a7f0000)]
  0x0000000021d2e800 JavaThread "jar transforms Thread 86" [_thread_blocked, id=8484, stack(0x000000002a5f0000,0x000000002a6f0000)]
  0x0000000021d35800 JavaThread "jar transforms Thread 85" [_thread_blocked, id=11560, stack(0x000000002a4f0000,0x000000002a5f0000)]
  0x0000000021d2f000 JavaThread "jar transforms Thread 84" [_thread_blocked, id=21196, stack(0x000000002a3f0000,0x000000002a4f0000)]
  0x0000000021d2d800 JavaThread "jar transforms Thread 83" [_thread_blocked, id=13904, stack(0x000000002a2f0000,0x000000002a3f0000)]
  0x0000000021d34800 JavaThread "jar transforms Thread 82" [_thread_blocked, id=13252, stack(0x000000002a1f0000,0x000000002a2f0000)]
  0x0000000021d30800 JavaThread "jar transforms Thread 81" [_thread_blocked, id=4296, stack(0x000000002a0f0000,0x000000002a1f0000)]
  0x0000000021d32000 JavaThread "jar transforms Thread 80" [_thread_blocked, id=19136, stack(0x0000000029ff0000,0x000000002a0f0000)]
  0x0000000021d2d000 JavaThread "jar transforms Thread 79" [_thread_blocked, id=14296, stack(0x0000000029ef0000,0x0000000029ff0000)]
  0x0000000021d33800 JavaThread "jar transforms Thread 78" [_thread_blocked, id=14692, stack(0x0000000029df0000,0x0000000029ef0000)]
  0x0000000021d31800 JavaThread "jar transforms Thread 77" [_thread_blocked, id=2580, stack(0x0000000029cf0000,0x0000000029df0000)]
  0x0000000021d30000 JavaThread "jar transforms Thread 76" [_thread_blocked, id=8604, stack(0x0000000029bf0000,0x0000000029cf0000)]
  0x0000000021d2c000 JavaThread "jar transforms Thread 75" [_thread_blocked, id=17192, stack(0x0000000029af0000,0x0000000029bf0000)]
  0x0000000021d33000 JavaThread "jar transforms Thread 74" [_thread_blocked, id=8896, stack(0x00000000299f0000,0x0000000029af0000)]
  0x000000001fdb3800 JavaThread "jar transforms Thread 73" [_thread_blocked, id=8884, stack(0x00000000298f0000,0x00000000299f0000)]
  0x000000001fdb2000 JavaThread "jar transforms Thread 72" [_thread_blocked, id=17156, stack(0x00000000297f0000,0x00000000298f0000)]
  0x000000001fdb3000 JavaThread "jar transforms Thread 71" [_thread_blocked, id=10532, stack(0x00000000296f0000,0x00000000297f0000)]
  0x000000001fdb1800 JavaThread "jar transforms Thread 70" [_thread_blocked, id=5328, stack(0x00000000295f0000,0x00000000296f0000)]
  0x000000001fdb0800 JavaThread "jar transforms Thread 69" [_thread_blocked, id=5408, stack(0x00000000294f0000,0x00000000295f0000)]
  0x000000001fdb0000 JavaThread "jar transforms Thread 68" [_thread_blocked, id=23376, stack(0x00000000293f0000,0x00000000294f0000)]
  0x000000001fdb5000 JavaThread "jar transforms Thread 67" [_thread_blocked, id=24356, stack(0x00000000292f0000,0x00000000293f0000)]
  0x000000001fdb4800 JavaThread "jar transforms Thread 66" [_thread_blocked, id=25432, stack(0x00000000291f0000,0x00000000292f0000)]
  0x000000001fdaf000 JavaThread "jar transforms Thread 65" [_thread_blocked, id=16116, stack(0x00000000290f0000,0x00000000291f0000)]
  0x000000001fda7800 JavaThread "jar transforms Thread 64" [_thread_blocked, id=20540, stack(0x0000000028ff0000,0x00000000290f0000)]
  0x000000001fdac000 JavaThread "jar transforms Thread 63" [_thread_blocked, id=3312, stack(0x0000000028ef0000,0x0000000028ff0000)]
  0x000000001fdae800 JavaThread "jar transforms Thread 62" [_thread_blocked, id=21224, stack(0x0000000028df0000,0x0000000028ef0000)]
  0x000000001fdad800 JavaThread "jar transforms Thread 61" [_thread_blocked, id=676, stack(0x0000000028cf0000,0x0000000028df0000)]
  0x000000001fda8800 JavaThread "jar transforms Thread 60" [_thread_blocked, id=17376, stack(0x0000000028bf0000,0x0000000028cf0000)]
  0x000000001fdab800 JavaThread "jar transforms Thread 59" [_thread_blocked, id=22816, stack(0x0000000028af0000,0x0000000028bf0000)]
  0x000000001fda6000 JavaThread "jar transforms Thread 58" [_thread_blocked, id=13592, stack(0x00000000289f0000,0x0000000028af0000)]
  0x000000001fdad000 JavaThread "jar transforms Thread 57" [_thread_blocked, id=18012, stack(0x00000000288f0000,0x00000000289f0000)]
  0x000000001fdaa800 JavaThread "jar transforms Thread 56" [_thread_blocked, id=17588, stack(0x00000000287f0000,0x00000000288f0000)]
  0x000000001fdaa000 JavaThread "jar transforms Thread 55" [_thread_blocked, id=13988, stack(0x00000000286f0000,0x00000000287f0000)]
  0x000000001fda7000 JavaThread "jar transforms Thread 54" [_thread_blocked, id=13716, stack(0x00000000285f0000,0x00000000286f0000)]
  0x000000001fda9000 JavaThread "jar transforms Thread 53" [_thread_blocked, id=19552, stack(0x00000000284f0000,0x00000000285f0000)]
  0x0000000019a97000 JavaThread "jar transforms Thread 52" [_thread_blocked, id=5972, stack(0x00000000283f0000,0x00000000284f0000)]
  0x0000000019a97800 JavaThread "jar transforms Thread 51" [_thread_blocked, id=20584, stack(0x00000000282f0000,0x00000000283f0000)]
  0x0000000019a95800 JavaThread "jar transforms Thread 50" [_thread_blocked, id=23116, stack(0x00000000281f0000,0x00000000282f0000)]
  0x0000000019a94800 JavaThread "jar transforms Thread 49" [_thread_blocked, id=24200, stack(0x00000000280f0000,0x00000000281f0000)]
  0x0000000019a94000 JavaThread "jar transforms Thread 48" [_thread_blocked, id=19344, stack(0x0000000027ff0000,0x00000000280f0000)]
  0x0000000019a96000 JavaThread "jar transforms Thread 47" [_thread_blocked, id=4456, stack(0x0000000027ef0000,0x0000000027ff0000)]
  0x0000000019a92800 JavaThread "jar transforms Thread 46" [_thread_blocked, id=19992, stack(0x0000000027df0000,0x0000000027ef0000)]
  0x0000000019a98800 JavaThread "jar transforms Thread 45" [_thread_blocked, id=11948, stack(0x0000000027cf0000,0x0000000027df0000)]
  0x0000000019a93000 JavaThread "jar transforms Thread 44" [_thread_blocked, id=22452, stack(0x0000000027bf0000,0x0000000027cf0000)]
  0x0000000019a8b000 JavaThread "jar transforms Thread 43" [_thread_blocked, id=22972, stack(0x0000000027af0000,0x0000000027bf0000)]
  0x0000000019a91800 JavaThread "jar transforms Thread 42" [_thread_blocked, id=7904, stack(0x00000000279f0000,0x0000000027af0000)]
  0x0000000019a91000 JavaThread "jar transforms Thread 41" [_thread_blocked, id=7524, stack(0x00000000278f0000,0x00000000279f0000)]
  0x0000000019a8c800 JavaThread "jar transforms Thread 40" [_thread_blocked, id=14656, stack(0x00000000277f0000,0x00000000278f0000)]
  0x0000000019a8f800 JavaThread "jar transforms Thread 39" [_thread_blocked, id=14364, stack(0x00000000276f0000,0x00000000277f0000)]
  0x0000000019a8b800 JavaThread "jar transforms Thread 38" [_thread_blocked, id=8348, stack(0x00000000275f0000,0x00000000276f0000)]
  0x0000000019a8e800 JavaThread "jar transforms Thread 37" [_thread_blocked, id=18388, stack(0x00000000274f0000,0x00000000275f0000)]
  0x0000000019a8d000 JavaThread "jar transforms Thread 36" [_thread_blocked, id=24076, stack(0x00000000273f0000,0x00000000274f0000)]
  0x0000000019a89800 JavaThread "jar transforms Thread 35" [_thread_blocked, id=16188, stack(0x00000000272f0000,0x00000000273f0000)]
  0x0000000019a8a000 JavaThread "jar transforms Thread 34" [_thread_blocked, id=11336, stack(0x00000000271f0000,0x00000000272f0000)]
  0x0000000019a8e000 JavaThread "jar transforms Thread 33" [_thread_blocked, id=15832, stack(0x00000000270f0000,0x00000000271f0000)]
  0x0000000019a90000 JavaThread "jar transforms Thread 32" [_thread_blocked, id=16432, stack(0x0000000026ff0000,0x00000000270f0000)]
  0x000000001cdf2800 JavaThread "jar transforms Thread 31" [_thread_blocked, id=23340, stack(0x0000000026ef0000,0x0000000026ff0000)]
  0x000000001cdf1800 JavaThread "jar transforms Thread 30" [_thread_blocked, id=22696, stack(0x0000000026df0000,0x0000000026ef0000)]
  0x000000001cdf1000 JavaThread "jar transforms Thread 29" [_thread_blocked, id=11320, stack(0x0000000026cf0000,0x0000000026df0000)]
  0x000000001cdf0000 JavaThread "jar transforms Thread 28" [_thread_blocked, id=16544, stack(0x0000000026bf0000,0x0000000026cf0000)]
  0x000000001cdf3000 JavaThread "jar transforms Thread 27" [_thread_blocked, id=21932, stack(0x0000000026af0000,0x0000000026bf0000)]
  0x000000001cde8800 JavaThread "jar transforms Thread 26" [_thread_blocked, id=17248, stack(0x00000000269f0000,0x0000000026af0000)]
  0x000000001cdef800 JavaThread "jar transforms Thread 25" [_thread_blocked, id=10108, stack(0x00000000268f0000,0x00000000269f0000)]
  0x000000001cdee800 JavaThread "jar transforms Thread 24" [_thread_blocked, id=22436, stack(0x00000000267f0000,0x00000000268f0000)]
  0x000000001cdee000 JavaThread "jar transforms Thread 23" [_thread_blocked, id=23632, stack(0x00000000266f0000,0x00000000267f0000)]
  0x000000001cded000 JavaThread "jar transforms Thread 22" [_thread_blocked, id=9928, stack(0x00000000265f0000,0x00000000266f0000)]
  0x000000001cdec800 JavaThread "Build operations Thread 8" [_thread_blocked, id=22708, stack(0x00000000264f0000,0x00000000265f0000)]
  0x000000001cde8000 JavaThread "Build operations Thread 7" [_thread_blocked, id=22712, stack(0x00000000263f0000,0x00000000264f0000)]
  0x000000001cdeb800 JavaThread "Build operations Thread 6" [_thread_blocked, id=21804, stack(0x00000000262f0000,0x00000000263f0000)]
  0x000000001cde4000 JavaThread "Build operations Thread 5" [_thread_blocked, id=7100, stack(0x00000000261f0000,0x00000000262f0000)]
  0x000000001cdeb000 JavaThread "Build operations Thread 4" [_thread_blocked, id=12308, stack(0x00000000260f0000,0x00000000261f0000)]
  0x000000001cdea000 JavaThread "Build operations Thread 3" [_thread_blocked, id=1320, stack(0x0000000025df0000,0x0000000025ef0000)]
  0x000000001cde5000 JavaThread "Build operations Thread 2" [_thread_blocked, id=22948, stack(0x0000000025cf0000,0x0000000025df0000)]
  0x000000001cde6800 JavaThread "Build operations" [_thread_blocked, id=764, stack(0x0000000024920000,0x0000000024a20000)]
  0x000000001cde9800 JavaThread "Cache worker for Build Output Cleanup Cache (E:\android code\WhatsApp\.gradle\buildOutputCleanup)" [_thread_blocked, id=21220, stack(0x0000000024820000,0x0000000024920000)]
  0x000000001cde7000 JavaThread "Cache worker for file content cache (C:\Users\MANAV\.gradle\caches\6.5\fileContent)" [_thread_blocked, id=25348, stack(0x0000000024320000,0x0000000024420000)]
  0x000000001ec8d800 JavaThread "Cache worker for execution history cache (C:\Users\MANAV\.gradle\caches\6.5\executionHistory)" [_thread_blocked, id=24608, stack(0x0000000023a20000,0x0000000023b20000)]
  0x000000001ec8c000 JavaThread "Cache worker for cache directory md-rule (C:\Users\MANAV\.gradle\caches\6.5\md-rule)" [_thread_blocked, id=9600, stack(0x0000000023720000,0x0000000023820000)]
  0x000000001ec8b800 JavaThread "Cache worker for cache directory md-supplier (C:\Users\MANAV\.gradle\caches\6.5\md-supplier)" [_thread_blocked, id=7624, stack(0x0000000023620000,0x0000000023720000)]
  0x000000001ec8d000 JavaThread "Cache worker for checksums cache (E:\android code\WhatsApp\.gradle\checksums)" [_thread_blocked, id=19944, stack(0x0000000023520000,0x0000000023620000)]
  0x000000001ec87800 JavaThread "jar transforms Thread 21" [_thread_blocked, id=18588, stack(0x0000000023220000,0x0000000023320000)]
  0x000000001ec8e800 JavaThread "jar transforms Thread 20" [_thread_blocked, id=22676, stack(0x0000000023120000,0x0000000023220000)]
  0x000000001ec8a000 JavaThread "jar transforms Thread 19" [_thread_blocked, id=23024, stack(0x0000000023020000,0x0000000023120000)]
  0x000000001ec89000 JavaThread "jar transforms Thread 18" [_thread_blocked, id=23584, stack(0x0000000022f20000,0x0000000023020000)]
  0x000000001ec84800 JavaThread "jar transforms Thread 17" [_thread_blocked, id=8460, stack(0x0000000022e20000,0x0000000022f20000)]
  0x000000001ec8a800 JavaThread "jar transforms Thread 16" [_thread_blocked, id=18608, stack(0x0000000022d20000,0x0000000022e20000)]
  0x000000001ec81000 JavaThread "jar transforms Thread 15" [_thread_blocked, id=12800, stack(0x0000000022c20000,0x0000000022d20000)]
  0x000000001ec84000 JavaThread "jar transforms Thread 14" [_thread_blocked, id=13060, stack(0x0000000022b20000,0x0000000022c20000)]
  0x000000001ec87000 JavaThread "jar transforms Thread 13" [_thread_blocked, id=3088, stack(0x0000000022a20000,0x0000000022b20000)]
  0x000000001ec86000 JavaThread "jar transforms Thread 12" [_thread_blocked, id=21980, stack(0x0000000022920000,0x0000000022a20000)]
  0x000000001ec85800 JavaThread "jar transforms Thread 11" [_thread_blocked, id=24832, stack(0x0000000022820000,0x0000000022920000)]
  0x000000001ec82800 JavaThread "jar transforms Thread 10" [_thread_blocked, id=20656, stack(0x0000000022720000,0x0000000022820000)]
  0x000000001ec83000 JavaThread "jar transforms Thread 9" [_thread_blocked, id=5964, stack(0x0000000022620000,0x0000000022720000)]
  0x000000001ec80000 JavaThread "jar transforms Thread 8" [_thread_blocked, id=5668, stack(0x0000000022520000,0x0000000022620000)]
  0x000000001ec81800 JavaThread "jar transforms Thread 7" [_thread_blocked, id=516, stack(0x0000000022420000,0x0000000022520000)]
  0x000000001c2cd800 JavaThread "jar transforms Thread 6" [_thread_blocked, id=18512, stack(0x0000000022320000,0x0000000022420000)]
  0x000000001c2cc000 JavaThread "jar transforms Thread 5" [_thread_blocked, id=9316, stack(0x0000000022220000,0x0000000022320000)]
  0x000000001c2d0000 JavaThread "jar transforms Thread 4" [_thread_blocked, id=8844, stack(0x0000000020dc0000,0x0000000020ec0000)]
  0x000000001c2cf000 JavaThread "jar transforms Thread 3" [_thread_blocked, id=24888, stack(0x0000000020cc0000,0x0000000020dc0000)]
  0x000000001c2ce800 JavaThread "jar transforms Thread 2" [_thread_blocked, id=6776, stack(0x0000000020bc0000,0x0000000020cc0000)]
  0x000000001c2cd000 JavaThread "jar transforms" [_thread_blocked, id=21396, stack(0x0000000020ac0000,0x0000000020bc0000)]
  0x000000001c2ca800 JavaThread "Cache worker for file hash cache (E:\android code\WhatsApp\.gradle\6.5\fileHashes)" [_thread_blocked, id=20860, stack(0x0000000022120000,0x0000000022220000)]
  0x000000001c2ca000 JavaThread "Cache worker for file hash cache (C:\Users\MANAV\.gradle\caches\6.5\fileHashes)" [_thread_blocked, id=24272, stack(0x000000001e820000,0x000000001e920000)]
  0x000000001c2cb800 JavaThread "File lock request listener" [_thread_in_native, id=22268, stack(0x000000001e720000,0x000000001e820000)]
  0x000000001c2d0800 JavaThread "Cache worker for journal cache (C:\Users\MANAV\.gradle\caches\journal-1)" [_thread_blocked, id=21956, stack(0x000000001e620000,0x000000001e720000)]
  0x000000001c248800 JavaThread "Thread-9" [_thread_blocked, id=5704, stack(0x000000001e320000,0x000000001e420000)]
  0x000000001c238800 JavaThread "Stdin handler" [_thread_blocked, id=11060, stack(0x000000001e220000,0x000000001e320000)]
  0x000000001c236800 JavaThread "Asynchronous log dispatcher for DefaultDaemonConnection: socket connection from /127.0.0.1:58208 to /127.0.0.1:58209" [_thread_blocked, id=10560, stack(0x000000001e120000,0x000000001e220000)]
  0x000000001c235800 JavaThread "Daemon worker" [_thread_in_vm, id=25488, stack(0x000000001e020000,0x000000001e120000)]
  0x000000001c234000 JavaThread "Cancel handler" [_thread_blocked, id=13632, stack(0x000000001de20000,0x000000001df20000)]
  0x000000001c228000 JavaThread "Handler for socket connection from /127.0.0.1:58208 to /127.0.0.1:58209" [_thread_in_native, id=19592, stack(0x000000001db20000,0x000000001dc20000)]
  0x000000001c21e800 JavaThread "Daemon" [_thread_blocked, id=23572, stack(0x000000001da20000,0x000000001db20000)]
  0x000000001c19d000 JavaThread "Daemon periodic checks" [_thread_blocked, id=18324, stack(0x000000001d920000,0x000000001da20000)]
  0x000000001c19a800 JavaThread "Incoming local TCP Connector on port 58208" [_thread_in_native, id=23444, stack(0x000000001d6e0000,0x000000001d7e0000)]
  0x000000001a7fd800 JavaThread "Daemon health stats" [_thread_blocked, id=11860, stack(0x000000001cea0000,0x000000001cfa0000)]
  0x000000001987c800 JavaThread "Service Thread" daemon [_thread_blocked, id=22380, stack(0x000000001a500000,0x000000001a600000)]
  0x000000001982c800 JavaThread "C1 CompilerThread3" daemon [_thread_blocked, id=24300, stack(0x000000001a400000,0x000000001a500000)]
  0x0000000019825000 JavaThread "C2 CompilerThread2" daemon [_thread_blocked, id=19896, stack(0x000000001a300000,0x000000001a400000)]
=>0x0000000019821000 JavaThread "C2 CompilerThread1" daemon [_thread_in_native, id=19144, stack(0x000000001a200000,0x000000001a300000)]
  0x000000001981b000 JavaThread "C2 CompilerThread0" daemon [_thread_blocked, id=23788, stack(0x000000001a100000,0x000000001a200000)]
  0x0000000019819000 JavaThread "Attach Listener" daemon [_thread_blocked, id=18416, stack(0x000000001a000000,0x000000001a100000)]
  0x0000000019818000 JavaThread "Signal Dispatcher" daemon [_thread_blocked, id=24164, stack(0x0000000019f00000,0x000000001a000000)]
  0x0000000019810800 JavaThread "Finalizer" daemon [_thread_blocked, id=21360, stack(0x0000000019cf0000,0x0000000019df0000)]
  0x0000000002958800 JavaThread "Reference Handler" daemon [_thread_blocked, id=19252, stack(0x0000000019bf0000,0x0000000019cf0000)]
  0x000000000285e800 JavaThread "main" [_thread_blocked, id=21024, stack(0x0000000002740000,0x0000000002840000)]

Other Threads:
  0x0000000017a09000 VMThread [stack: 0x00000000196f0000,0x00000000197f0000] [id=17132]
  0x000000001987d800 WatcherThread [stack: 0x000000001a600000,0x000000001a700000] [id=9652]

VM state:not at safepoint (normal execution)

VM Mutex/Monitor currently owned by a thread: None

heap address: 0x0000000080000000, size: 2048 MB, Compressed Oops mode: 32-bit
Narrow klass base: 0x0000000000000000, Narrow klass shift: 3
Compressed class space size: 1073741824 Address: 0x0000000100000000

Heap:
 PSYoungGen      total 210432K, used 14351K [0x00000000d5580000, 0x00000000e7100000, 0x0000000100000000)
  eden space 195072K, 7% used [0x00000000d5580000,0x00000000d6383ff8,0x00000000e1400000)
  from space 15360K, 0% used [0x00000000e1400000,0x00000000e1400000,0x00000000e2300000)
  to   space 20480K, 0% used [0x00000000e5d00000,0x00000000e5d00000,0x00000000e7100000)
 ParOldGen       total 91136K, used 35623K [0x0000000080000000, 0x0000000085900000, 0x00000000d5580000)
  object space 91136K, 39% used [0x0000000080000000,0x00000000822c9df8,0x0000000085900000)
 Metaspace       used 57832K, capacity 60160K, committed 60376K, reserved 1101824K
  class space    used 7841K, capacity 8341K, committed 8408K, reserved 1048576K

Card table byte_map: [0x0000000011d30000,0x0000000012140000] byte_map_base: 0x0000000011930000

Marking Bits: (ParMarkBitMap*) 0x0000000072435ce0
 Begin Bits: [0x0000000012bf0000, 0x0000000014bf0000)
 End Bits:   [0x0000000014bf0000, 0x0000000016bf0000)

Polling page: 0x00000000026a0000

CodeCache: size=245760Kb used=18788Kb max_used=18788Kb free=226972Kb
 bounds [0x0000000002970000, 0x0000000003be0000, 0x0000000011970000]
 total_blobs=6018 nmethods=5227 adapters=703
 compilation: enabled

Compilation events (10 events):
Event: 18.455 Thread 0x000000001982c800 5875       1       org.gradle.api.internal.DefaultNamedDomainObjectCollection$AbstractNamedDomainObjectProvider::getType (5 bytes)
Event: 18.455 Thread 0x000000001981b000 5876       4       java.util.concurrent.ConcurrentHashMap::remove (8 bytes)
Event: 18.455 Thread 0x000000001982c800 nmethod 5875 0x0000000003bd0b50 code [0x0000000003bd0ca0, 0x0000000003bd0db0]
Event: 18.456 Thread 0x000000001981b000 nmethod 5876 0x0000000003bd44d0 code [0x0000000003bd4620, 0x0000000003bd46a8]
Event: 18.464 Thread 0x000000001982c800 5877       3       com.google.common.collect.ImmutableCollection$Builder::expandedCapacity (45 bytes)
Event: 18.465 Thread 0x000000001982c800 nmethod 5877 0x0000000003bd0590 code [0x0000000003bd0720, 0x0000000003bd0a18]
Event: 18.465 Thread 0x000000001982c800 5878       3       org.gradle.api.internal.DefaultCollectionCallbackActionDecorator::decorate (40 bytes)
Event: 18.465 Thread 0x000000001982c800 nmethod 5878 0x0000000003bd2390 code [0x0000000003bd2560, 0x0000000003bd2df8]
Event: 18.466 Thread 0x000000001982c800 5879       3       org.gradle.api.internal.tasks.DefaultTaskContainer_Decorated::getMutationGuard (39 bytes)
Event: 18.466 Thread 0x000000001982c800 nmethod 5879 0x0000000003bd4f90 code [0x0000000003bd5180, 0x0000000003bd5b28]

GC Heap History (10 events):
Event: 12.656 GC heap before
{Heap before GC invocations=14 (full 2):
 PSYoungGen      total 137728K, used 128051K [0x00000000d5580000, 0x00000000e0a00000, 0x0000000100000000)
  eden space 125952K, 100% used [0x00000000d5580000,0x00000000dd080000,0x00000000dd080000)
  from space 11776K, 17% used [0x00000000dd080000,0x00000000dd28cdc0,0x00000000ddc00000)
  to   space 11776K, 0% used [0x00000000dfe80000,0x00000000dfe80000,0x00000000e0a00000)
 ParOldGen       total 91136K, used 17679K [0x0000000080000000, 0x0000000085900000, 0x00000000d5580000)
  object space 91136K, 19% used [0x0000000080000000,0x0000000081143ca8,0x0000000085900000)
 Metaspace       used 36543K, capacity 37742K, committed 37888K, reserved 1081344K
  class space    used 4959K, capacity 5259K, committed 5376K, reserved 1048576K
Event: 12.662 GC heap after
Heap after GC invocations=14 (full 2):
 PSYoungGen      total 166912K, used 5846K [0x00000000d5580000, 0x00000000e0680000, 0x0000000100000000)
  eden space 158720K, 0% used [0x00000000d5580000,0x00000000d5580000,0x00000000df080000)
  from space 8192K, 71% used [0x00000000dfe80000,0x00000000e0435ba8,0x00000000e0680000)
  to   space 11264K, 0% used [0x00000000df080000,0x00000000df080000,0x00000000dfb80000)
 ParOldGen       total 91136K, used 17687K [0x0000000080000000, 0x0000000085900000, 0x00000000d5580000)
  object space 91136K, 19% used [0x0000000080000000,0x0000000081145ca8,0x0000000085900000)
 Metaspace       used 36543K, capacity 37742K, committed 37888K, reserved 1081344K
  class space    used 4959K, capacity 5259K, committed 5376K, reserved 1048576K
}
Event: 14.044 GC heap before
{Heap before GC invocations=15 (full 2):
 PSYoungGen      total 166912K, used 164566K [0x00000000d5580000, 0x00000000e0680000, 0x0000000100000000)
  eden space 158720K, 100% used [0x00000000d5580000,0x00000000df080000,0x00000000df080000)
  from space 8192K, 71% used [0x00000000dfe80000,0x00000000e0435ba8,0x00000000e0680000)
  to   space 11264K, 0% used [0x00000000df080000,0x00000000df080000,0x00000000dfb80000)
 ParOldGen       total 91136K, used 17687K [0x0000000080000000, 0x0000000085900000, 0x00000000d5580000)
  object space 91136K, 19% used [0x0000000080000000,0x0000000081145ca8,0x0000000085900000)
 Metaspace       used 39870K, capacity 41340K, committed 41472K, reserved 1085440K
  class space    used 5445K, capacity 5792K, committed 5888K, reserved 1048576K
Event: 14.055 GC heap after
Heap after GC invocations=15 (full 2):
 PSYoungGen      total 169984K, used 8237K [0x00000000d5580000, 0x00000000e2e80000, 0x0000000100000000)
  eden space 158720K, 0% used [0x00000000d5580000,0x00000000d5580000,0x00000000df080000)
  from space 11264K, 73% used [0x00000000df080000,0x00000000df88b770,0x00000000dfb80000)
  to   space 11776K, 0% used [0x00000000e2300000,0x00000000e2300000,0x00000000e2e80000)
 ParOldGen       total 91136K, used 17695K [0x0000000080000000, 0x0000000085900000, 0x00000000d5580000)
  object space 91136K, 19% used [0x0000000080000000,0x0000000081147ca8,0x0000000085900000)
 Metaspace       used 39870K, capacity 41340K, committed 41472K, reserved 1085440K
  class space    used 5445K, capacity 5792K, committed 5888K, reserved 1048576K
}
Event: 16.698 GC heap before
{Heap before GC invocations=16 (full 2):
 PSYoungGen      total 169984K, used 166957K [0x00000000d5580000, 0x00000000e2e80000, 0x0000000100000000)
  eden space 158720K, 100% used [0x00000000d5580000,0x00000000df080000,0x00000000df080000)
  from space 11264K, 73% used [0x00000000df080000,0x00000000df88b770,0x00000000dfb80000)
  to   space 11776K, 0% used [0x00000000e2300000,0x00000000e2300000,0x00000000e2e80000)
 ParOldGen       total 91136K, used 17695K [0x0000000080000000, 0x0000000085900000, 0x00000000d5580000)
  object space 91136K, 19% used [0x0000000080000000,0x0000000081147ca8,0x0000000085900000)
 Metaspace       used 49336K, capacity 51512K, committed 51712K, reserved 1093632K
  class space    used 6733K, capacity 7156K, committed 7168K, reserved 1048576K
Event: 16.718 GC heap after
Heap after GC invocations=16 (full 2):
 PSYoungGen      total 206848K, used 11761K [0x00000000d5580000, 0x00000000e3480000, 0x0000000100000000)
  eden space 195072K, 0% used [0x00000000d5580000,0x00000000d5580000,0x00000000e1400000)
  from space 11776K, 99% used [0x00000000e2300000,0x00000000e2e7c798,0x00000000e2e80000)
  to   space 15360K, 0% used [0x00000000e1400000,0x00000000e1400000,0x00000000e2300000)
 ParOldGen       total 91136K, used 23701K [0x0000000080000000, 0x0000000085900000, 0x00000000d5580000)
  object space 91136K, 26% used [0x0000000080000000,0x00000000817257e0,0x0000000085900000)
 Metaspace       used 49336K, capacity 51512K, committed 51712K, reserved 1093632K
  class space    used 6733K, capacity 7156K, committed 7168K, reserved 1048576K
}
Event: 18.038 GC heap before
{Heap before GC invocations=17 (full 2):
 PSYoungGen      total 206848K, used 120974K [0x00000000d5580000, 0x00000000e3480000, 0x0000000100000000)
  eden space 195072K, 55% used [0x00000000d5580000,0x00000000dc027390,0x00000000e1400000)
  from space 11776K, 99% used [0x00000000e2300000,0x00000000e2e7c798,0x00000000e2e80000)
  to   space 15360K, 0% used [0x00000000e1400000,0x00000000e1400000,0x00000000e2300000)
 ParOldGen       total 91136K, used 23701K [0x0000000080000000, 0x0000000085900000, 0x00000000d5580000)
  object space 91136K, 26% used [0x0000000080000000,0x00000000817257e0,0x0000000085900000)
 Metaspace       used 56647K, capacity 59046K, committed 59096K, reserved 1099776K
  class space    used 7636K, capacity 8124K, committed 8152K, reserved 1048576K
Event: 18.061 GC heap after
Heap after GC invocations=17 (full 2):
 PSYoungGen      total 210432K, used 15340K [0x00000000d5580000, 0x00000000e7100000, 0x0000000100000000)
  eden space 195072K, 0% used [0x00000000d5580000,0x00000000d5580000,0x00000000e1400000)
  from space 15360K, 99% used [0x00000000e1400000,0x00000000e22fb320,0x00000000e2300000)
  to   space 20480K, 0% used [0x00000000e5d00000,0x00000000e5d00000,0x00000000e7100000)
 ParOldGen       total 91136K, used 31736K [0x0000000080000000, 0x0000000085900000, 0x00000000d5580000)
  object space 91136K, 34% used [0x0000000080000000,0x0000000081efe3e8,0x0000000085900000)
 Metaspace       used 56647K, capacity 59046K, committed 59096K, reserved 1099776K
  class space    used 7636K, capacity 8124K, committed 8152K, reserved 1048576K
}
Event: 18.061 GC heap before
{Heap before GC invocations=18 (full 3):
 PSYoungGen      total 210432K, used 15340K [0x00000000d5580000, 0x00000000e7100000, 0x0000000100000000)
  eden space 195072K, 0% used [0x00000000d5580000,0x00000000d5580000,0x00000000e1400000)
  from space 15360K, 99% used [0x00000000e1400000,0x00000000e22fb320,0x00000000e2300000)
  to   space 20480K, 0% used [0x00000000e5d00000,0x00000000e5d00000,0x00000000e7100000)
 ParOldGen       total 91136K, used 31736K [0x0000000080000000, 0x0000000085900000, 0x00000000d5580000)
  object space 91136K, 34% used [0x0000000080000000,0x0000000081efe3e8,0x0000000085900000)
 Metaspace       used 56647K, capacity 59046K, committed 59096K, reserved 1099776K
  class space    used 7636K, capacity 8124K, committed 8152K, reserved 1048576K
Event: 18.281 GC heap after
Heap after GC invocations=18 (full 3):
 PSYoungGen      total 210432K, used 0K [0x00000000d5580000, 0x00000000e7100000, 0x0000000100000000)
  eden space 195072K, 0% used [0x00000000d5580000,0x00000000d5580000,0x00000000e1400000)
  from space 15360K, 0% used [0x00000000e1400000,0x00000000e1400000,0x00000000e2300000)
  to   space 20480K, 0% used [0x00000000e5d00000,0x00000000e5d00000,0x00000000e7100000)
 ParOldGen       total 91136K, used 35623K [0x0000000080000000, 0x0000000085900000, 0x00000000d5580000)
  object space 91136K, 39% used [0x0000000080000000,0x00000000822c9df8,0x0000000085900000)
 Metaspace       used 56544K, capacity 58766K, committed 59096K, reserved 1099776K
  class space    used 7606K, capacity 8080K, committed 8152K, reserved 1048576K
}

Deoptimization events (10 events):
Event: 17.233 Thread 0x000000001c235800 Uncommon trap: reason=unstable_if action=reinterpret pc=0x00000000039057f4 method=java.util.concurrent.ConcurrentHashMap.addCount(JI)V @ 110
Event: 17.659 Thread 0x000000001c235800 Uncommon trap: reason=unstable_if action=reinterpret pc=0x0000000003a3dc34 method=com.sun.org.apache.xerces.internal.impl.XMLEntityScanner.checkBeforeLoad(Lcom/sun/xml/internal/stream/Entity$ScannedEntity;II)I @ 18
Event: 17.744 Thread 0x000000001c235800 Uncommon trap: reason=unstable_if action=reinterpret pc=0x0000000003974070 method=org.gradle.internal.instantiation.generator.AbstractClassGenerator$InjectionAnnotationValidator.validateMethod(Ljava/lang/reflect/Method;Lorg/gradle/internal/reflect/Propert
Event: 17.744 Thread 0x000000001c235800 Uncommon trap: reason=unstable_if action=reinterpret pc=0x00000000039a1b18 method=org.gradle.internal.instantiation.generator.AbstractClassGenerator$InjectionAnnotationValidator.validateMethod(Ljava/lang/reflect/Method;Lorg/gradle/internal/reflect/Propert
Event: 17.767 Thread 0x000000001c235800 Uncommon trap: reason=unstable_if action=reinterpret pc=0x0000000002df7e14 method=java.util.WeakHashMap.expungeStaleEntries()V @ 66
Event: 17.779 Thread 0x000000001c235800 Uncommon trap: reason=unstable_if action=reinterpret pc=0x00000000037823b0 method=groovy.lang.MetaClassImpl$1MOPIter.methodNameAction(Ljava/lang/Class;Lorg/codehaus/groovy/runtime/metaclass/MetaMethodIndex$Entry;)V @ 182
Event: 17.783 Thread 0x000000001c235800 Uncommon trap: reason=bimorphic action=maybe_recompile pc=0x00000000038eb1ec method=groovy.lang.MetaClassImpl.filterPropertyMethod(Ljava/lang/Object;ZZ)Ljava/lang/Object; @ 165
Event: 17.835 Thread 0x000000001c235800 Uncommon trap: reason=predicate action=maybe_recompile pc=0x0000000003b0bd40 method=java.util.ComparableTimSort.binarySort([Ljava/lang/Object;III)V @ 37
Event: 17.847 Thread 0x000000001c235800 Uncommon trap: reason=null_check action=make_not_entrant pc=0x00000000032b0310 method=java.lang.Class.searchMethods([Ljava/lang/reflect/Method;Ljava/lang/String;[Ljava/lang/Class;)Ljava/lang/reflect/Method; @ 59
Event: 17.907 Thread 0x000000001c235800 Uncommon trap: reason=unstable_if action=reinterpret pc=0x00000000038eba30 method=groovy.lang.MetaClassImpl.filterPropertyMethod(Ljava/lang/Object;ZZ)Ljava/lang/Object; @ 72

Classes redefined (0 events):
No events

Internal exceptions (10 events):
Event: 17.918 Thread 0x000000001c235800 Exception <a 'java/lang/ClassNotFoundException': com/android/build/gradle/internal/CompileOptionsCustomizer> (0x00000000db52e478) thrown at [C:\re\workspace\8-2-build-windows-amd64-cygwin\jdk8u221\13320\hotspot\src\share\vm\classfile\systemDictionary.cpp,
Event: 17.918 Thread 0x000000001c235800 Exception <a 'java/lang/ClassNotFoundException': com/android/build/gradle/internal/CompileOptions_DecoratedCustomizer> (0x00000000db55f2b0) thrown at [C:\re\workspace\8-2-build-windows-amd64-cygwin\jdk8u221\13320\hotspot\src\share\vm\classfile\systemDicti
Event: 17.929 Thread 0x000000001c235800 Exception <a 'java/lang/ClassNotFoundException': org/gradle/api/internal/file/collections/DefaultConfigurableFileTreeBeanInfo> (0x00000000db71eb28) thrown at [C:\re\workspace\8-2-build-windows-amd64-cygwin\jdk8u221\13320\hotspot\src\share\vm\classfile\sys
Event: 17.929 Thread 0x000000001c235800 Exception <a 'java/lang/ClassNotFoundException': org/gradle/api/internal/file/CompositeFileTreeBeanInfo> (0x00000000db7581d0) thrown at [C:\re\workspace\8-2-build-windows-amd64-cygwin\jdk8u221\13320\hotspot\src\share\vm\classfile\systemDictionary.cpp, lin
Event: 17.930 Thread 0x000000001c235800 Exception <a 'java/lang/ClassNotFoundException': org/gradle/api/internal/file/CompositeFileCollectionBeanInfo> (0x00000000db795f50) thrown at [C:\re\workspace\8-2-build-windows-amd64-cygwin\jdk8u221\13320\hotspot\src\share\vm\classfile\systemDictionary.cp
Event: 17.931 Thread 0x000000001c235800 Exception <a 'java/lang/ClassNotFoundException': org/gradle/api/internal/file/AbstractFileCollectionBeanInfo> (0x00000000db7d3c40) thrown at [C:\re\workspace\8-2-build-windows-amd64-cygwin\jdk8u221\13320\hotspot\src\share\vm\classfile\systemDictionary.cpp
Event: 17.931 Thread 0x000000001c235800 Exception <a 'java/lang/ClassNotFoundException': org/gradle/api/internal/file/AbstractFileCollectionCustomizer> (0x00000000db812790) thrown at [C:\re\workspace\8-2-build-windows-amd64-cygwin\jdk8u221\13320\hotspot\src\share\vm\classfile\systemDictionary.c
Event: 17.932 Thread 0x000000001c235800 Exception <a 'java/lang/ClassNotFoundException': org/gradle/api/internal/file/CompositeFileCollectionCustomizer> (0x00000000db8628a0) thrown at [C:\re\workspace\8-2-build-windows-amd64-cygwin\jdk8u221\13320\hotspot\src\share\vm\classfile\systemDictionary.
Event: 17.933 Thread 0x000000001c235800 Exception <a 'java/lang/ClassNotFoundException': org/gradle/api/internal/file/CompositeFileTreeCustomizer> (0x00000000db8a9dc8) thrown at [C:\re\workspace\8-2-build-windows-amd64-cygwin\jdk8u221\13320\hotspot\src\share\vm\classfile\systemDictionary.cpp, l
Event: 17.934 Thread 0x000000001c235800 Exception <a 'java/lang/ClassNotFoundException': org/gradle/api/internal/file/collections/DefaultConfigurableFileTreeCustomizer> (0x00000000db900098) thrown at [C:\re\workspace\8-2-build-windows-amd64-cygwin\jdk8u221\13320\hotspot\src\share\vm\classfile\s

Events (10 events):
Event: 18.464 loading class com/android/build/gradle/internal/scope/InternalArtifactType$PACKAGED_MANIFESTS
Event: 18.464 loading class com/android/build/gradle/internal/scope/InternalArtifactType$PACKAGED_MANIFESTS done
Event: 18.464 loading class com/android/build/gradle/tasks/GenerateManifestJarTask
Event: 18.464 loading class com/android/build/gradle/tasks/GenerateManifestJarTask done
Event: 18.465 loading class com/android/build/gradle/tasks/GenerateManifestJarTask$CreationAction$handleProvider$1
Event: 18.465 loading class com/android/build/gradle/tasks/GenerateManifestJarTask$CreationAction$handleProvider$1 done
Event: 18.465 loading class com/android/build/gradle/internal/scope/InternalArtifactType$COMPILE_MANIFEST_JAR
Event: 18.465 loading class com/android/build/gradle/internal/scope/InternalArtifactType$COMPILE_MANIFEST_JAR done
Event: 18.466 loading class com/android/build/gradle/tasks/ProcessApplicationManifest
Event: 18.466 loading class com/android/build/gradle/tasks/ProcessApplicationManifest done


Dynamic libraries:
0x00007ff7dc770000 - 0x00007ff7dc7a7000 	C:\Program Files\Java\jdk1.8.0_221\bin\java.exe
0x00007fffba450000 - 0x00007fffba645000 	C:\WINDOWS\SYSTEM32\ntdll.dll
0x00007fffb8690000 - 0x00007fffb874d000 	C:\WINDOWS\System32\KERNEL32.DLL
0x00007fffb7f80000 - 0x00007fffb8248000 	C:\WINDOWS\System32\KERNELBASE.dll
0x00007fffb8f20000 - 0x00007fffb8fcc000 	C:\WINDOWS\System32\ADVAPI32.dll
0x00007fffba370000 - 0x00007fffba40e000 	C:\WINDOWS\System32\msvcrt.dll
0x00007fffb85f0000 - 0x00007fffb868b000 	C:\WINDOWS\System32\sechost.dll
0x00007fffb8830000 - 0x00007fffb895b000 	C:\WINDOWS\System32\RPCRT4.dll
0x00007fffb99f0000 - 0x00007fffb9b90000 	C:\WINDOWS\System32\USER32.dll
0x00007fffb8250000 - 0x00007fffb8272000 	C:\WINDOWS\System32\win32u.dll
0x00007fffb9b90000 - 0x00007fffb9bba000 	C:\WINDOWS\System32\GDI32.dll
0x00007fffb83b0000 - 0x00007fffb84bb000 	C:\WINDOWS\System32\gdi32full.dll
0x00007fffb7b90000 - 0x00007fffb7c2d000 	C:\WINDOWS\System32\msvcp_win.dll
0x00007fffb7c30000 - 0x00007fffb7d30000 	C:\WINDOWS\System32\ucrtbase.dll
0x00007fffa2a50000 - 0x00007fffa2cea000 	C:\WINDOWS\WinSxS\amd64_microsoft.windows.common-controls_6595b64144ccf1df_6.0.19041.1052_none_60b8f8fd71f5e8cb\COMCTL32.dll
0x00007fffb85b0000 - 0x00007fffb85e0000 	C:\WINDOWS\System32\IMM32.DLL
0x0000000072fa0000 - 0x0000000073072000 	C:\Program Files\Java\jdk1.8.0_221\jre\bin\msvcr100.dll
0x0000000071c10000 - 0x00000000724b5000 	C:\Program Files\Java\jdk1.8.0_221\jre\bin\server\jvm.dll
0x00007fffb8960000 - 0x00007fffb8968000 	C:\WINDOWS\System32\PSAPI.DLL
0x00007fffb5370000 - 0x00007fffb5379000 	C:\WINDOWS\SYSTEM32\WSOCK32.dll
0x00007fffa5660000 - 0x00007fffa5687000 	C:\WINDOWS\SYSTEM32\WINMM.dll
0x00007fffb1620000 - 0x00007fffb162a000 	C:\WINDOWS\SYSTEM32\VERSION.dll
0x00007fffba1c0000 - 0x00007fffba22b000 	C:\WINDOWS\System32\WS2_32.dll
0x00007fffb07e0000 - 0x00007fffb07ef000 	C:\Program Files\Java\jdk1.8.0_221\jre\bin\verify.dll
0x00007fffa29f0000 - 0x00007fffa2a19000 	C:\Program Files\Java\jdk1.8.0_221\jre\bin\java.dll
0x00007fffac7c0000 - 0x00007fffac7d6000 	C:\Program Files\Java\jdk1.8.0_221\jre\bin\zip.dll
0x00007fffb92b0000 - 0x00007fffb99ef000 	C:\WINDOWS\System32\SHELL32.dll
0x00007fffb5ce0000 - 0x00007fffb6470000 	C:\WINDOWS\SYSTEM32\windows.storage.dll
0x00007fffb8a40000 - 0x00007fffb8d95000 	C:\WINDOWS\System32\combase.dll
0x00007fffb7600000 - 0x00007fffb762c000 	C:\WINDOWS\SYSTEM32\Wldp.dll
0x00007fffb9bc0000 - 0x00007fffb9c6e000 	C:\WINDOWS\System32\SHCORE.dll
0x00007fffb8970000 - 0x00007fffb89c5000 	C:\WINDOWS\System32\shlwapi.dll
0x00007fffb7ad0000 - 0x00007fffb7aef000 	C:\WINDOWS\SYSTEM32\profapi.dll
0x00007fffa6170000 - 0x00007fffa618a000 	C:\Program Files\Java\jdk1.8.0_221\jre\bin\net.dll
0x00007fffa2f60000 - 0x00007fffa314c000 	C:\WINDOWS\SYSTEM32\urlmon.dll
0x00007fffa51a0000 - 0x00007fffa5450000 	C:\WINDOWS\SYSTEM32\iertutil.dll
0x00007fffb7300000 - 0x00007fffb736a000 	C:\WINDOWS\system32\mswsock.dll
0x00007fffa4e30000 - 0x00007fffa4e42000 	C:\Program Files\Java\jdk1.8.0_221\jre\bin\nio.dll
0x00007fffa3530000 - 0x00007fffa3557000 	C:\Users\MANAV\.gradle\native\f6784746aeab05261644944871eae4fe03e0ef1612fff0a4a95f87b438bc6780\windows-amd64\native-platform.dll
0x00007fffb05c0000 - 0x00007fffb05cd000 	C:\Program Files\Java\jdk1.8.0_221\jre\bin\management.dll
0x00007fffb74f0000 - 0x00007fffb7508000 	C:\WINDOWS\SYSTEM32\CRYPTSP.dll
0x00007fffb6c40000 - 0x00007fffb6c74000 	C:\WINDOWS\system32\rsaenh.dll
0x00007fffb8280000 - 0x00007fffb82a7000 	C:\WINDOWS\System32\bcrypt.dll
0x00007fffb7a50000 - 0x00007fffb7a7e000 	C:\WINDOWS\SYSTEM32\USERENV.dll
0x00007fffb7ef0000 - 0x00007fffb7f73000 	C:\WINDOWS\System32\bcryptprimitives.dll
0x00007fffb7510000 - 0x00007fffb751c000 	C:\WINDOWS\SYSTEM32\CRYPTBASE.dll
0x00007fffb6ff0000 - 0x00007fffb702b000 	C:\WINDOWS\SYSTEM32\IPHLPAPI.DLL
0x00007fffb85e0000 - 0x00007fffb85e8000 	C:\WINDOWS\System32\NSI.dll
0x00007fffafb70000 - 0x00007fffafb87000 	C:\WINDOWS\SYSTEM32\dhcpcsvc6.DLL
0x00007fffb07a0000 - 0x00007fffb07bd000 	C:\WINDOWS\SYSTEM32\dhcpcsvc.DLL
0x00007fffb7030000 - 0x00007fffb70fc000 	C:\WINDOWS\SYSTEM32\DNSAPI.dll
0x00007fffb0b40000 - 0x00007fffb0b4b000 	C:\WINDOWS\SYSTEM32\WINNSI.DLL

VM Arguments:
jvm_args: -Xmx2048m -Dfile.encoding=windows-1252 -Duser.country=IN -Duser.language=en -Duser.variant 
java_command: org.gradle.launcher.daemon.bootstrap.GradleDaemon 6.5
java_class_path (initial): C:\Users\MANAV\.gradle\wrapper\dists\gradle-6.5-bin\6nifqtx7604sqp1q6g8wikw7p\gradle-6.5\lib\gradle-launcher-6.5.jar
Launcher Type: SUN_STANDARD

Environment Variables:
PATH=C:\Program Files (x86)\NVIDIA Corporation\PhysX\Common;C:\Program Files (x86)\Intel\Intel(R) Management Engine Components\iCLS\;C:\Program Files\Intel\Intel(R) Management Engine Components\iCLS\;C:\Windows\system32;C:\Windows;C:\Windows\System32\Wbem;C:\Windows\System32\WindowsPowerShell\v1.0\;C:\Windows\System32\OpenSSH\;C:\Program Files (x86)\Intel\Intel(R) Management Engine Components\DAL;C:\Program Files\Intel\Intel(R) Management Engine Components\DAL;C:\Program Files (x86)\Intel\Intel(R) Management Engine Components\IPT;C:\Program Files\Intel\Intel(R) Management Engine Components\IPT;D:\gitrec\Git\cmd;D:\gitrec\Git\mingw64\bin;D:\gitrec\Git\usr\bin;C:\Program Files\Java\jdk-12.0.1\bin;C:\Program Files\Java\jre1.8.0_211\bin;D:\android studio\installed\jre\bin;C:\WINDOWS\system32;C:\WINDOWS;C:\WINDOWS\System32\Wbem;C:\WINDOWS\System32\WindowsPowerShell\v1.0\;C:\WINDOWS\System32\OpenSSH\;C:\Program Files\MongoDB\Server\4.2\bin;D:\node.js\;C:\GnuWin32\bin;D:\python shit\Scripts\;D:\python shit\;C:\Users\MANAV\AppData\Local\Microsoft\WindowsApps;C:\Users\MANAV\AppData\Local\Programs\Microsoft VS Code\bin;D:\gcc_lib\bin;C:\Users\MANAV\AppData\Local\atom\bin;C:\Users\MANAV\AppData\Roaming\npm;%USERPROFILE%\AppData\Local\Microsoft\WindowsApps;
USERNAME=MANAV
OS=Windows_NT
PROCESSOR_IDENTIFIER=Intel64 Family 6 Model 158 Stepping 10, GenuineIntel



---------------  S Y S T E M  ---------------

OS: Windows 10.0 , 64 bit Build 19041 (10.0.19041.1023)

CPU:total 8 (initial active 8) (4 cores per cpu, 2 threads per core) family 6 model 158 stepping 10, cmov, cx8, fxsr, mmx, sse, sse2, sse3, ssse3, sse4.1, sse4.2, popcnt, avx, avx2, aes, clmul, erms, 3dnowpref, lzcnt, ht, tsc, tscinvbit, bmi1, bmi2, adx

Memory: 4k page, physical 8227124k(288208k free), swap 23709360k(5196k free)

vm_info: Java HotSpot(TM) 64-Bit Server VM (25.221-b11) for windows-amd64 JRE (1.8.0_221-b11), built on Jul  4 2019 04:39:29 by "java_re" with MS VC++ 10.0 (VS2010)

time: Wed Jul 07 21:00:47 2021
timezone: India Standard Time
elapsed time: 18 seconds (0d 0h 0m 18s)

