#
# There is insufficient memory for the Java Runtime Environment to continue.
# Native memory allocation (malloc) failed to allocate 940896 bytes for Chunk::new
# Possible reasons:
#   The system is out of physical RAM or swap space
#   The process is running with CompressedOops enabled, and the Java Heap may be blocking the growth of the native heap
# Possible solutions:
#   Reduce memory load on the system
#   Increase physical memory or swap space
#   Check if swap backing store is full
#   Decrease Java heap size (-Xmx/-Xms)
#   Decrease number of Java threads
#   Decrease Java thread stack sizes (-Xss)
#   Set larger code cache with -XX:ReservedCodeCacheSize=
#   JVM is running with Unscaled Compressed Oops mode in which the Java heap is
#     placed in the first 4GB address space. The Java Heap base address is the
#     maximum limit for the native heap growth. Please use -XX:HeapBaseMinAddress
#     to set the Java Heap base and to place the Java Heap above 4GB virtual address.
# This output file may be truncated or incomplete.
#
#  Out of Memory Error (allocation.cpp:389), pid=18312, tid=0x0000000000003310
#
# JRE version: Java(TM) SE Runtime Environment (8.0_221-b11) (build 1.8.0_221-b11)
# Java VM: Java HotSpot(TM) 64-Bit Server VM (25.221-b11 mixed mode windows-amd64 compressed oops)
# Failed to write core dump. Minidumps are not enabled by default on client versions of Windows
#

---------------  T H R E A D  ---------------

Current thread (0x0000000019be1000):  JavaThread "C2 CompilerThread1" daemon [_thread_in_native, id=13072, stack(0x000000001a5b0000,0x000000001a6b0000)]

Stack: [0x000000001a5b0000,0x000000001a6b0000]
[error occurred during error reporting (printing stack bounds), id 0xc0000005]

Native frames: (J=compiled Java code, j=interpreted, Vv=VM code, C=native code)


Current CompileTask:
C2:   3217 1486   !   4       java.net.URLClassLoader$1::run (63 bytes)


---------------  P R O C E S S  ---------------

Java Threads: ( => current thread )
  0x000000001c67f800 JavaThread "Cache worker for file hash cache (C:\Users\MANAV\.gradle\caches\6.5\fileHashes)" [_thread_blocked, id=25300, stack(0x000000001ebd0000,0x000000001ecd0000)]
  0x000000001c678800 JavaThread "File lock request listener" [_thread_in_native, id=25024, stack(0x000000001ead0000,0x000000001ebd0000)]
  0x000000001c67e800 JavaThread "Cache worker for journal cache (C:\Users\MANAV\.gradle\caches\journal-1)" [_thread_blocked, id=23636, stack(0x000000001e9d0000,0x000000001ead0000)]
  0x000000001abbe800 JavaThread "Thread-9" [_thread_blocked, id=22740, stack(0x000000001e6d0000,0x000000001e7d0000)]
  0x000000001c63c000 JavaThread "Stdin handler" [_thread_blocked, id=6104, stack(0x000000001e5d0000,0x000000001e6d0000)]
  0x000000001c63b800 JavaThread "Asynchronous log dispatcher for DefaultDaemonConnection: socket connection from /127.0.0.1:57430 to /127.0.0.1:57432" [_thread_blocked, id=25508, stack(0x000000001e4d0000,0x000000001e5d0000)]
  0x000000001c639000 JavaThread "Daemon worker" [_thread_in_vm, id=4356, stack(0x000000001e3d0000,0x000000001e4d0000)]
  0x000000001c654000 JavaThread "Cancel handler" [_thread_blocked, id=3216, stack(0x000000001e1d0000,0x000000001e2d0000)]
  0x000000001c623800 JavaThread "Handler for socket connection from /127.0.0.1:57430 to /127.0.0.1:57432" [_thread_in_native, id=1088, stack(0x000000001ded0000,0x000000001dfd0000)]
  0x000000001c620800 JavaThread "Daemon" [_thread_blocked, id=22884, stack(0x000000001ddd0000,0x000000001ded0000)]
  0x000000001c5fc800 JavaThread "Daemon periodic checks" [_thread_blocked, id=16128, stack(0x000000001dcd0000,0x000000001ddd0000)]
  0x000000001c588000 JavaThread "Incoming local TCP Connector on port 57430" [_thread_in_native, id=14740, stack(0x000000001da90000,0x000000001db90000)]
  0x0000000019d2c000 JavaThread "Daemon health stats" [_thread_blocked, id=22584, stack(0x000000001d250000,0x000000001d350000)]
  0x0000000019c76800 JavaThread "Service Thread" daemon [_thread_blocked, id=19088, stack(0x000000001a8b0000,0x000000001a9b0000)]
  0x0000000019be9800 JavaThread "C1 CompilerThread3" daemon [_thread_in_native, id=17052, stack(0x000000001a7b0000,0x000000001a8b0000)]
  0x0000000019be1800 JavaThread "C2 CompilerThread2" daemon [_thread_blocked, id=2108, stack(0x000000001a6b0000,0x000000001a7b0000)]
=>0x0000000019be1000 JavaThread "C2 CompilerThread1" daemon [_thread_in_native, id=13072, stack(0x000000001a5b0000,0x000000001a6b0000)]
  0x0000000019bd9000 JavaThread "C2 CompilerThread0" daemon [_thread_in_native, id=24260, stack(0x000000001a4b0000,0x000000001a5b0000)]
  0x0000000019bd7800 JavaThread "Attach Listener" daemon [_thread_blocked, id=17756, stack(0x000000001a3b0000,0x000000001a4b0000)]
  0x0000000019bd6000 JavaThread "Signal Dispatcher" daemon [_thread_blocked, id=19764, stack(0x000000001a2b0000,0x000000001a3b0000)]
  0x0000000019bd0800 JavaThread "Finalizer" daemon [_thread_blocked, id=21408, stack(0x000000001a0b0000,0x000000001a1b0000)]
  0x0000000017ddd000 JavaThread "Reference Handler" daemon [_thread_blocked, id=15820, stack(0x0000000019fb0000,0x000000001a0b0000)]
  0x0000000000dde800 JavaThread "main" [_thread_blocked, id=16816, stack(0x0000000002ad0000,0x0000000002bd0000)]

Other Threads:
  0x0000000017dd9000 VMThread [stack: 0x0000000019ab0000,0x0000000019bb0000] [id=17452]
  0x0000000019ca1800 WatcherThread [stack: 0x000000001a9b0000,0x000000001aab0000] [id=24840]

VM state:not at safepoint (normal execution)

VM Mutex/Monitor currently owned by a thread:  ([mutex/lock_event])
[0x0000000000dd8c60] CodeCache_lock - owner thread: 0x0000000019be9800
[0x0000000002c71350] Compile_lock - owner thread: 0x0000000019be9800
[0x0000000002c70850] MethodCompileQueue_lock - owner thread: 0x0000000019be9800

heap address: 0x0000000080000000, size: 2048 MB, Compressed Oops mode: 32-bit
Narrow klass base: 0x0000000000000000, Narrow klass shift: 3
Compressed class space size: 1073741824 Address: 0x0000000100000000

Heap:
 PSYoungGen      total 37888K, used 30099K [0x00000000d5580000, 0x00000000d7f80000, 0x0000000100000000)
  eden space 32768K, 76% used [0x00000000d5580000,0x00000000d6de8f00,0x00000000d7580000)
  from space 5120K, 99% used [0x00000000d7a80000,0x00000000d7f7c030,0x00000000d7f80000)
  to   space 5120K, 0% used [0x00000000d7580000,0x00000000d7580000,0x00000000d7a80000)
 ParOldGen       total 86016K, used 3743K [0x0000000080000000, 0x0000000085400000, 0x00000000d5580000)
  object space 86016K, 4% used [0x0000000080000000,0x00000000803a7e20,0x0000000085400000)
 Metaspace       used 17120K, capacity 17792K, committed 18048K, reserved 1064960K
  class space    used 2390K, capacity 2572K, committed 2688K, reserved 1048576K

Card table byte_map: [0x0000000012130000,0x0000000012540000] byte_map_base: 0x0000000011d30000

Marking Bits: (ParMarkBitMap*) 0x0000000071be5ce0
 Begin Bits: [0x0000000012ff0000, 0x0000000014ff0000)
 End Bits:   [0x0000000014ff0000, 0x0000000016ff0000)

Polling page: 0x00000000012b0000

CodeCache: size=245760Kb used=5364Kb max_used=5364Kb free=240395Kb
 bounds [0x0000000002d70000, 0x00000000032c0000, 0x0000000011d70000]
 total_blobs=1927 nmethods=1526 adapters=313
 compilation: enabled

Compilation events (10 events):
Event: 3.151 Thread 0x0000000019be9800 1505       3       java.lang.Enum::<init> (15 bytes)
Event: 3.152 Thread 0x0000000019be9800 nmethod 1505 0x0000000003294cd0 code [0x0000000003294e20, 0x0000000003294ff0]
Event: 3.153 Thread 0x0000000019be9800 1507       3       sun.reflect.generics.parser.SignatureParser::parsePackageNameAndSimpleClassTypeSignature (139 bytes)
Event: 3.155 Thread 0x0000000019be9800 nmethod 1507 0x00000000032953d0 code [0x0000000003295720, 0x00000000032970e8]
Event: 3.155 Thread 0x0000000019be9800 1506       3       sun.reflect.generics.parser.SignatureParser::parseClassTypeSignature (118 bytes)
Event: 3.157 Thread 0x0000000019be9800 nmethod 1506 0x000000000329a690 code [0x000000000329aa40, 0x000000000329c508]
Event: 3.165 Thread 0x0000000019be1800 1508       4       java.lang.String::<init> (100 bytes)
Event: 3.167 Thread 0x0000000019be9800 1509       3       java.lang.Class::privateGetDeclaredConstructors (85 bytes)
Event: 3.168 Thread 0x0000000019be9800 nmethod 1509 0x0000000003294150 code [0x0000000003294320, 0x0000000003294a18]
Event: 3.169 Thread 0x0000000019be1800 nmethod 1508 0x00000000032a0450 code [0x00000000032a05a0, 0x00000000032a08b8]

GC Heap History (8 events):
Event: 0.926 GC heap before
{Heap before GC invocations=1 (full 0):
 PSYoungGen      total 37888K, used 32768K [0x00000000d5580000, 0x00000000d7f80000, 0x0000000100000000)
  eden space 32768K, 100% used [0x00000000d5580000,0x00000000d7580000,0x00000000d7580000)
  from space 5120K, 0% used [0x00000000d7a80000,0x00000000d7a80000,0x00000000d7f80000)
  to   space 5120K, 0% used [0x00000000d7580000,0x00000000d7580000,0x00000000d7a80000)
 ParOldGen       total 86016K, used 0K [0x0000000080000000, 0x0000000085400000, 0x00000000d5580000)
  object space 86016K, 0% used [0x0000000080000000,0x0000000080000000,0x0000000085400000)
 Metaspace       used 7492K, capacity 7710K, committed 8064K, reserved 1056768K
  class space    used 953K, capacity 1037K, committed 1152K, reserved 1048576K
Event: 0.933 GC heap after
Heap after GC invocations=1 (full 0):
 PSYoungGen      total 37888K, used 4605K [0x00000000d5580000, 0x00000000d7f80000, 0x0000000100000000)
  eden space 32768K, 0% used [0x00000000d5580000,0x00000000d5580000,0x00000000d7580000)
  from space 5120K, 89% used [0x00000000d7580000,0x00000000d79ff428,0x00000000d7a80000)
  to   space 5120K, 0% used [0x00000000d7a80000,0x00000000d7a80000,0x00000000d7f80000)
 ParOldGen       total 86016K, used 16K [0x0000000080000000, 0x0000000085400000, 0x00000000d5580000)
  object space 86016K, 0% used [0x0000000080000000,0x0000000080004000,0x0000000085400000)
 Metaspace       used 7492K, capacity 7710K, committed 8064K, reserved 1056768K
  class space    used 953K, capacity 1037K, committed 1152K, reserved 1048576K
}
Event: 1.253 GC heap before
{Heap before GC invocations=2 (full 0):
 PSYoungGen      total 37888K, used 37373K [0x00000000d5580000, 0x00000000d7f80000, 0x0000000100000000)
  eden space 32768K, 100% used [0x00000000d5580000,0x00000000d7580000,0x00000000d7580000)
  from space 5120K, 89% used [0x00000000d7580000,0x00000000d79ff428,0x00000000d7a80000)
  to   space 5120K, 0% used [0x00000000d7a80000,0x00000000d7a80000,0x00000000d7f80000)
 ParOldGen       total 86016K, used 16K [0x0000000080000000, 0x0000000085400000, 0x00000000d5580000)
  object space 86016K, 0% used [0x0000000080000000,0x0000000080004000,0x0000000085400000)
 Metaspace       used 7744K, capacity 8022K, committed 8320K, reserved 1056768K
  class space    used 986K, capacity 1077K, committed 1152K, reserved 1048576K
Event: 1.257 GC heap after
Heap after GC invocations=2 (full 0):
 PSYoungGen      total 37888K, used 3489K [0x00000000d5580000, 0x00000000d7f80000, 0x0000000100000000)
  eden space 32768K, 0% used [0x00000000d5580000,0x00000000d5580000,0x00000000d7580000)
  from space 5120K, 68% used [0x00000000d7a80000,0x00000000d7de85e8,0x00000000d7f80000)
  to   space 5120K, 0% used [0x00000000d7580000,0x00000000d7580000,0x00000000d7a80000)
 ParOldGen       total 86016K, used 24K [0x0000000080000000, 0x0000000085400000, 0x00000000d5580000)
  object space 86016K, 0% used [0x0000000080000000,0x0000000080006000,0x0000000085400000)
 Metaspace       used 7744K, capacity 8022K, committed 8320K, reserved 1056768K
  class space    used 986K, capacity 1077K, committed 1152K, reserved 1048576K
}
Event: 2.543 GC heap before
{Heap before GC invocations=3 (full 0):
 PSYoungGen      total 37888K, used 36257K [0x00000000d5580000, 0x00000000d7f80000, 0x0000000100000000)
  eden space 32768K, 100% used [0x00000000d5580000,0x00000000d7580000,0x00000000d7580000)
  from space 5120K, 68% used [0x00000000d7a80000,0x00000000d7de85e8,0x00000000d7f80000)
  to   space 5120K, 0% used [0x00000000d7580000,0x00000000d7580000,0x00000000d7a80000)
 ParOldGen       total 86016K, used 24K [0x0000000080000000, 0x0000000085400000, 0x00000000d5580000)
  object space 86016K, 0% used [0x0000000080000000,0x0000000080006000,0x0000000085400000)
 Metaspace       used 12282K, capacity 12642K, committed 12928K, reserved 1060864K
  class space    used 1691K, capacity 1801K, committed 1920K, reserved 1048576K
Event: 2.550 GC heap after
Heap after GC invocations=3 (full 0):
 PSYoungGen      total 37888K, used 5088K [0x00000000d5580000, 0x00000000d7f80000, 0x0000000100000000)
  eden space 32768K, 0% used [0x00000000d5580000,0x00000000d5580000,0x00000000d7580000)
  from space 5120K, 99% used [0x00000000d7580000,0x00000000d7a78020,0x00000000d7a80000)
  to   space 5120K, 0% used [0x00000000d7a80000,0x00000000d7a80000,0x00000000d7f80000)
 ParOldGen       total 86016K, used 1278K [0x0000000080000000, 0x0000000085400000, 0x00000000d5580000)
  object space 86016K, 1% used [0x0000000080000000,0x000000008013fae0,0x0000000085400000)
 Metaspace       used 12282K, capacity 12642K, committed 12928K, reserved 1060864K
  class space    used 1691K, capacity 1801K, committed 1920K, reserved 1048576K
}
Event: 2.944 GC heap before
{Heap before GC invocations=4 (full 0):
 PSYoungGen      total 37888K, used 37856K [0x00000000d5580000, 0x00000000d7f80000, 0x0000000100000000)
  eden space 32768K, 100% used [0x00000000d5580000,0x00000000d7580000,0x00000000d7580000)
  from space 5120K, 99% used [0x00000000d7580000,0x00000000d7a78020,0x00000000d7a80000)
  to   space 5120K, 0% used [0x00000000d7a80000,0x00000000d7a80000,0x00000000d7f80000)
 ParOldGen       total 86016K, used 1278K [0x0000000080000000, 0x0000000085400000, 0x00000000d5580000)
  object space 86016K, 1% used [0x0000000080000000,0x000000008013fae0,0x0000000085400000)
 Metaspace       used 15419K, capacity 15972K, committed 16128K, reserved 1062912K
  class space    used 2097K, capacity 2262K, committed 2304K, reserved 1048576K
Event: 2.953 GC heap after
Heap after GC invocations=4 (full 0):
 PSYoungGen      total 37888K, used 5104K [0x00000000d5580000, 0x00000000d7f80000, 0x0000000100000000)
  eden space 32768K, 0% used [0x00000000d5580000,0x00000000d5580000,0x00000000d7580000)
  from space 5120K, 99% used [0x00000000d7a80000,0x00000000d7f7c030,0x00000000d7f80000)
  to   space 5120K, 0% used [0x00000000d7580000,0x00000000d7580000,0x00000000d7a80000)
 ParOldGen       total 86016K, used 3743K [0x0000000080000000, 0x0000000085400000, 0x00000000d5580000)
  object space 86016K, 4% used [0x0000000080000000,0x00000000803a7e20,0x0000000085400000)
 Metaspace       used 15419K, capacity 15972K, committed 16128K, reserved 1062912K
  class space    used 2097K, capacity 2262K, committed 2304K, reserved 1048576K
}

Deoptimization events (10 events):
Event: 2.496 Thread 0x000000001c623800 Uncommon trap: reason=unstable_if action=reinterpret pc=0x0000000003093794 method=java.lang.String.substring(I)Ljava/lang/String; @ 35
Event: 2.533 Thread 0x000000001c639000 Uncommon trap: reason=bimorphic action=maybe_recompile pc=0x0000000002ff473c method=java.util.HashMap.putVal(ILjava/lang/Object;Ljava/lang/Object;ZZ)Ljava/lang/Object; @ 253
Event: 2.533 Thread 0x000000001c639000 Uncommon trap: reason=bimorphic action=maybe_recompile pc=0x0000000002ff473c method=java.util.HashMap.putVal(ILjava/lang/Object;Ljava/lang/Object;ZZ)Ljava/lang/Object; @ 253
Event: 2.533 Thread 0x000000001c639000 Uncommon trap: reason=bimorphic action=maybe_recompile pc=0x0000000002ff473c method=java.util.HashMap.putVal(ILjava/lang/Object;Ljava/lang/Object;ZZ)Ljava/lang/Object; @ 253
Event: 2.534 Thread 0x000000001c639000 Uncommon trap: reason=bimorphic action=maybe_recompile pc=0x0000000002ff473c method=java.util.HashMap.putVal(ILjava/lang/Object;Ljava/lang/Object;ZZ)Ljava/lang/Object; @ 253
Event: 2.808 Thread 0x000000001c639000 Uncommon trap: reason=class_check action=maybe_recompile pc=0x000000000309f658 method=java.util.regex.Matcher.match(II)Z @ 86
Event: 2.809 Thread 0x000000001c639000 Uncommon trap: reason=class_check action=maybe_recompile pc=0x000000000309f658 method=java.util.regex.Matcher.match(II)Z @ 86
Event: 2.809 Thread 0x000000001c639000 Uncommon trap: reason=class_check action=maybe_recompile pc=0x000000000309f658 method=java.util.regex.Matcher.match(II)Z @ 86
Event: 2.810 Thread 0x000000001c639000 Uncommon trap: reason=class_check action=maybe_recompile pc=0x0000000002f1b58c method=java.util.regex.Matcher.match(II)Z @ 86
Event: 2.955 Thread 0x000000001c639000 Uncommon trap: reason=unstable_if action=reinterpret pc=0x000000000309489c method=java.io.File.getName()Ljava/lang/String; @ 16

Classes redefined (0 events):
No events

Internal exceptions (10 events):
Event: 2.490 Thread 0x000000001c623800 Exception <a 'java/lang/NoSuchMethodError': <clinit>> (0x00000000d7248a08) thrown at [C:\re\workspace\8-2-build-windows-amd64-cygwin\jdk8u221\13320\hotspot\src\share\vm\prims\jni.cpp, line 1614]
Event: 2.490 Thread 0x000000001c623800 Exception <a 'java/lang/NoSuchMethodError': <clinit>> (0x00000000d7251698) thrown at [C:\re\workspace\8-2-build-windows-amd64-cygwin\jdk8u221\13320\hotspot\src\share\vm\prims\jni.cpp, line 1614]
Event: 2.492 Thread 0x000000001c623800 Exception <a 'java/lang/NoSuchMethodError': <clinit>> (0x00000000d7267de8) thrown at [C:\re\workspace\8-2-build-windows-amd64-cygwin\jdk8u221\13320\hotspot\src\share\vm\prims\jni.cpp, line 1614]
Event: 2.502 Thread 0x000000001c623800 Exception <a 'java/lang/NoSuchMethodError': <clinit>> (0x00000000d72e7a98) thrown at [C:\re\workspace\8-2-build-windows-amd64-cygwin\jdk8u221\13320\hotspot\src\share\vm\prims\jni.cpp, line 1614]
Event: 2.506 Thread 0x000000001c623800 Exception <a 'java/lang/NoSuchMethodError': <clinit>> (0x00000000d7318390) thrown at [C:\re\workspace\8-2-build-windows-amd64-cygwin\jdk8u221\13320\hotspot\src\share\vm\prims\jni.cpp, line 1614]
Event: 2.510 Thread 0x000000001c623800 Exception <a 'java/lang/NoSuchMethodError': <clinit>> (0x00000000d7348040) thrown at [C:\re\workspace\8-2-build-windows-amd64-cygwin\jdk8u221\13320\hotspot\src\share\vm\prims\jni.cpp, line 1614]
Event: 2.511 Thread 0x000000001c623800 Exception <a 'java/lang/NoSuchMethodError': <clinit>> (0x00000000d73549d8) thrown at [C:\re\workspace\8-2-build-windows-amd64-cygwin\jdk8u221\13320\hotspot\src\share\vm\prims\jni.cpp, line 1614]
Event: 3.004 Thread 0x000000001c639000 Exception <a 'java/lang/NoSuchMethodError': java.lang.Object.lambda$and$0(Ljava/util/function/Predicate;Ljava/lang/Object;)Z> (0x00000000d574ff80) thrown at [C:\re\workspace\8-2-build-windows-amd64-cygwin\jdk8u221\13320\hotspot\src\share\vm\interpreter\li
Event: 3.013 Thread 0x000000001c639000 Exception <a 'java/lang/IncompatibleClassChangeError': Found class java.lang.Object, but interface was expected> (0x00000000d5760278) thrown at [C:\re\workspace\8-2-build-windows-amd64-cygwin\jdk8u221\13320\hotspot\src\share\vm\interpreter\linkResolver.cp
Event: 3.017 Thread 0x000000001c639000 Exception <a 'java/lang/NoSuchMethodError': java.lang.Object.lambda$or$2(Ljava/util/function/Predicate;Ljava/lang/Object;)Z> (0x00000000d5764dc8) thrown at [C:\re\workspace\8-2-build-windows-amd64-cygwin\jdk8u221\13320\hotspot\src\share\vm\interpreter\lin

Events (10 events):
Event: 3.174 loading class org/gradle/nativeplatform/toolchain/internal/metadata/CompilerMetaDataProvider
Event: 3.174 loading class org/gradle/nativeplatform/toolchain/internal/metadata/CompilerMetaDataProvider done
Event: 3.175 loading class org/gradle/internal/resource/transport/aws/s3/S3ResourcesPluginServiceRegistry$AuthenticationSchemeAction
Event: 3.175 loading class org/gradle/internal/resource/transport/aws/s3/S3ResourcesPluginServiceRegistry$AuthenticationSchemeAction done
Event: 3.175 loading class org/gradle/authentication/aws/AwsImAuthentication
Event: 3.175 loading class org/gradle/authentication/aws/AwsImAuthentication done
Event: 3.176 loading class org/gradle/internal/authentication/DefaultAwsImAuthentication
Event: 3.176 loading class org/gradle/internal/authentication/DefaultAwsImAuthentication done
Event: 3.176 loading class org/gradle/language/cpp/internal/tooling/ToolingNativeServices$ToolingModelRegistration
Event: 3.176 loading class org/gradle/language/cpp/internal/tooling/ToolingNativeServices$ToolingModelRegistration done


Dynamic libraries:
0x00007ff641b70000 - 0x00007ff641ba7000 	C:\Program Files\Java\jdk1.8.0_221\bin\java.exe
0x00007fffba450000 - 0x00007fffba645000 	C:\WINDOWS\SYSTEM32\ntdll.dll
0x00007fffb8690000 - 0x00007fffb874d000 	C:\WINDOWS\System32\KERNEL32.DLL
0x00007fffb7f80000 - 0x00007fffb8248000 	C:\WINDOWS\System32\KERNELBASE.dll
0x00007fffb8f20000 - 0x00007fffb8fcc000 	C:\WINDOWS\System32\ADVAPI32.dll
0x00007fffba370000 - 0x00007fffba40e000 	C:\WINDOWS\System32\msvcrt.dll
0x00007fffb85f0000 - 0x00007fffb868b000 	C:\WINDOWS\System32\sechost.dll
0x00007fffb8830000 - 0x00007fffb895b000 	C:\WINDOWS\System32\RPCRT4.dll
0x00007fffb99f0000 - 0x00007fffb9b90000 	C:\WINDOWS\System32\USER32.dll
0x00007fffb8250000 - 0x00007fffb8272000 	C:\WINDOWS\System32\win32u.dll
0x00007fffb9b90000 - 0x00007fffb9bba000 	C:\WINDOWS\System32\GDI32.dll
0x00007fffb83b0000 - 0x00007fffb84bb000 	C:\WINDOWS\System32\gdi32full.dll
0x00007fffb7b90000 - 0x00007fffb7c2d000 	C:\WINDOWS\System32\msvcp_win.dll
0x00007fffb7c30000 - 0x00007fffb7d30000 	C:\WINDOWS\System32\ucrtbase.dll
0x00007fffa2a50000 - 0x00007fffa2cea000 	C:\WINDOWS\WinSxS\amd64_microsoft.windows.common-controls_6595b64144ccf1df_6.0.19041.1052_none_60b8f8fd71f5e8cb\COMCTL32.dll
0x00007fffb85b0000 - 0x00007fffb85e0000 	C:\WINDOWS\System32\IMM32.DLL
0x0000000072ef0000 - 0x0000000072fc2000 	C:\Program Files\Java\jdk1.8.0_221\jre\bin\msvcr100.dll
0x00000000713c0000 - 0x0000000071c65000 	C:\Program Files\Java\jdk1.8.0_221\jre\bin\server\jvm.dll
0x00007fffb8960000 - 0x00007fffb8968000 	C:\WINDOWS\System32\PSAPI.DLL
0x00007fffa5660000 - 0x00007fffa5687000 	C:\WINDOWS\SYSTEM32\WINMM.dll
0x00007fffb2010000 - 0x00007fffb2019000 	C:\WINDOWS\SYSTEM32\WSOCK32.dll
0x00007fffb1620000 - 0x00007fffb162a000 	C:\WINDOWS\SYSTEM32\VERSION.dll
0x00007fffba1c0000 - 0x00007fffba22b000 	C:\WINDOWS\System32\WS2_32.dll
0x00007fffb3a70000 - 0x00007fffb3a7f000 	C:\Program Files\Java\jdk1.8.0_221\jre\bin\verify.dll
0x00007fffab370000 - 0x00007fffab399000 	C:\Program Files\Java\jdk1.8.0_221\jre\bin\java.dll
0x00007fffb1140000 - 0x00007fffb1156000 	C:\Program Files\Java\jdk1.8.0_221\jre\bin\zip.dll
0x00007fffb92b0000 - 0x00007fffb99ef000 	C:\WINDOWS\System32\SHELL32.dll
0x00007fffb5ce0000 - 0x00007fffb6470000 	C:\WINDOWS\SYSTEM32\windows.storage.dll
0x00007fffb8a40000 - 0x00007fffb8d95000 	C:\WINDOWS\System32\combase.dll
0x00007fffb7600000 - 0x00007fffb762c000 	C:\WINDOWS\SYSTEM32\Wldp.dll
0x00007fffb9bc0000 - 0x00007fffb9c6e000 	C:\WINDOWS\System32\SHCORE.dll
0x00007fffb8970000 - 0x00007fffb89c5000 	C:\WINDOWS\System32\shlwapi.dll
0x00007fffb7ad0000 - 0x00007fffb7aef000 	C:\WINDOWS\SYSTEM32\profapi.dll
0x00007fffa94e0000 - 0x00007fffa94fa000 	C:\Program Files\Java\jdk1.8.0_221\jre\bin\net.dll
0x00007fffa2f60000 - 0x00007fffa314c000 	C:\WINDOWS\SYSTEM32\urlmon.dll
0x00007fffa51a0000 - 0x00007fffa5450000 	C:\WINDOWS\SYSTEM32\iertutil.dll
0x00007fffb7300000 - 0x00007fffb736a000 	C:\WINDOWS\system32\mswsock.dll
0x00007fffa9450000 - 0x00007fffa9462000 	C:\Program Files\Java\jdk1.8.0_221\jre\bin\nio.dll
0x00007fffb04a0000 - 0x00007fffb04c7000 	C:\Users\MANAV\.gradle\native\f6784746aeab05261644944871eae4fe03e0ef1612fff0a4a95f87b438bc6780\windows-amd64\native-platform.dll
0x00007fffb3300000 - 0x00007fffb330d000 	C:\Program Files\Java\jdk1.8.0_221\jre\bin\management.dll
0x00007fffb74f0000 - 0x00007fffb7508000 	C:\WINDOWS\SYSTEM32\CRYPTSP.dll
0x00007fffb6c40000 - 0x00007fffb6c74000 	C:\WINDOWS\system32\rsaenh.dll
0x00007fffb8280000 - 0x00007fffb82a7000 	C:\WINDOWS\System32\bcrypt.dll
0x00007fffb7a50000 - 0x00007fffb7a7e000 	C:\WINDOWS\SYSTEM32\USERENV.dll
0x00007fffb7ef0000 - 0x00007fffb7f73000 	C:\WINDOWS\System32\bcryptprimitives.dll
0x00007fffb7510000 - 0x00007fffb751c000 	C:\WINDOWS\SYSTEM32\CRYPTBASE.dll
0x00007fffb6ff0000 - 0x00007fffb702b000 	C:\WINDOWS\SYSTEM32\IPHLPAPI.DLL
0x00007fffb85e0000 - 0x00007fffb85e8000 	C:\WINDOWS\System32\NSI.dll
0x00007fffafb70000 - 0x00007fffafb87000 	C:\WINDOWS\SYSTEM32\dhcpcsvc6.DLL
0x00007fffb07a0000 - 0x00007fffb07bd000 	C:\WINDOWS\SYSTEM32\dhcpcsvc.DLL
0x00007fffb7030000 - 0x00007fffb70fc000 	C:\WINDOWS\SYSTEM32\DNSAPI.dll
0x00007fffb0b40000 - 0x00007fffb0b4b000 	C:\WINDOWS\SYSTEM32\WINNSI.DLL

VM Arguments:
jvm_args: -Xmx2048m -Dfile.encoding=windows-1252 -Duser.country=IN -Duser.language=en -Duser.variant 
java_command: org.gradle.launcher.daemon.bootstrap.GradleDaemon 6.5
java_class_path (initial): C:\Users\MANAV\.gradle\wrapper\dists\gradle-6.5-bin\6nifqtx7604sqp1q6g8wikw7p\gradle-6.5\lib\gradle-launcher-6.5.jar
Launcher Type: SUN_STANDARD

Environment Variables:
PATH=C:\Program Files (x86)\NVIDIA Corporation\PhysX\Common;C:\Program Files (x86)\Intel\Intel(R) Management Engine Components\iCLS\;C:\Program Files\Intel\Intel(R) Management Engine Components\iCLS\;C:\Windows\system32;C:\Windows;C:\Windows\System32\Wbem;C:\Windows\System32\WindowsPowerShell\v1.0\;C:\Windows\System32\OpenSSH\;C:\Program Files (x86)\Intel\Intel(R) Management Engine Components\DAL;C:\Program Files\Intel\Intel(R) Management Engine Components\DAL;C:\Program Files (x86)\Intel\Intel(R) Management Engine Components\IPT;C:\Program Files\Intel\Intel(R) Management Engine Components\IPT;D:\gitrec\Git\cmd;D:\gitrec\Git\mingw64\bin;D:\gitrec\Git\usr\bin;C:\Program Files\Java\jdk-12.0.1\bin;C:\Program Files\Java\jre1.8.0_211\bin;D:\android studio\installed\jre\bin;C:\WINDOWS\system32;C:\WINDOWS;C:\WINDOWS\System32\Wbem;C:\WINDOWS\System32\WindowsPowerShell\v1.0\;C:\WINDOWS\System32\OpenSSH\;C:\Program Files\MongoDB\Server\4.2\bin;D:\node.js\;C:\GnuWin32\bin;D:\python shit\Scripts\;D:\python shit\;C:\Users\MANAV\AppData\Local\Microsoft\WindowsApps;C:\Users\MANAV\AppData\Local\Programs\Microsoft VS Code\bin;D:\gcc_lib\bin;C:\Users\MANAV\AppData\Local\atom\bin;C:\Users\MANAV\AppData\Roaming\npm;%USERPROFILE%\AppData\Local\Microsoft\WindowsApps;
USERNAME=MANAV
OS=Windows_NT
PROCESSOR_IDENTIFIER=Intel64 Family 6 Model 158 Stepping 10, GenuineIntel



---------------  S Y S T E M  ---------------

OS: Windows 10.0 , 64 bit Build 19041 (10.0.19041.1023)

CPU:total 8 (initial active 8) (4 cores per cpu, 2 threads per core) family 6 model 158 stepping 10, cmov, cx8, fxsr, mmx, sse, sse2, sse3, ssse3, sse4.1, sse4.2, popcnt, avx, avx2, aes, clmul, erms, 3dnowpref, lzcnt, ht, tsc, tscinvbit, bmi1, bmi2, adx

Memory: 4k page, physical 8227124k(1052152k free), swap 23709360k(5380k free)

vm_info: Java HotSpot(TM) 64-Bit Server VM (25.221-b11) for windows-amd64 JRE (1.8.0_221-b11), built on Jul  4 2019 04:39:29 by "java_re" with MS VC++ 10.0 (VS2010)

time: Wed Jul 07 17:58:40 2021
timezone: India Standard Time
elapsed time: 3 seconds (0d 0h 0m 3s)

